{"/Users/mauro124/MTC/projects/wikigame-project/backend/src/index.ts": {"path":"/Users/mauro124/MTC/projects/wikigame-project/backend/src/index.ts","statementMap":{"0":{"start":{"line":1,"column":0},"end":{"line":1,"column":30}},"1":{"start":{"line":2,"column":0},"end":{"line":2,"column":28}},"2":{"start":{"line":3,"column":0},"end":{"line":3,"column":24}},"3":{"start":{"line":4,"column":0},"end":{"line":4,"column":39}},"4":{"start":{"line":5,"column":0},"end":{"line":5,"column":69}},"5":{"start":{"line":6,"column":0},"end":{"line":6,"column":39}},"6":{"start":{"line":7,"column":0},"end":{"line":7,"column":68}},"7":{"start":{"line":8,"column":0},"end":{"line":8,"column":52}},"8":{"start":{"line":10,"column":12},"end":{"line":10,"column":21}},"9":{"start":{"line":40,"column":9},"end":{"line":40,"column":12}},"10":{"start":{"line":13,"column":0},"end":{"line":13,"column":18}},"11":{"start":{"line":14,"column":0},"end":{"line":19,"column":2}},"12":{"start":{"line":20,"column":0},"end":{"line":20,"column":24}},"13":{"start":{"line":23,"column":0},"end":{"line":23,"column":20}},"14":{"start":{"line":26,"column":0},"end":{"line":26,"column":16}},"15":{"start":{"line":29,"column":0},"end":{"line":31,"column":3}},"16":{"start":{"line":30,"column":2},"end":{"line":30,"column":64}},"17":{"start":{"line":34,"column":0},"end":{"line":34,"column":22}},"18":{"start":{"line":36,"column":15},"end":{"line":38,"column":2}},"19":{"start":{"line":37,"column":2},"end":{"line":37,"column":88}},"20":{"start":{"line":40,"column":14},"end":{"line":40,"column":20}}},"fnMap":{"0":{"name":"(anonymous_1)","decl":{"start":{"line":29,"column":8},"end":{"line":29,"column":9}},"loc":{"start":{"line":29,"column":28},"end":{"line":31,"column":1}}},"1":{"name":"(anonymous_2)","decl":{"start":{"line":36,"column":39},"end":{"line":36,"column":42}},"loc":{"start":{"line":36,"column":44},"end":{"line":38,"column":1}}}},"branchMap":{"0":{"loc":{"start":{"line":16,"column":12},"end":{"line":16,"column":86}},"type":"cond-expr","locations":[{"start":{"line":16,"column":42},"end":{"line":16,"column":80}},{"start":{"line":16,"column":83},"end":{"line":16,"column":86}}]}},"s":{"0":5,"1":5,"2":5,"3":5,"4":5,"5":5,"6":5,"7":5,"8":5,"9":5,"10":5,"11":5,"12":5,"13":5,"14":5,"15":5,"16":1,"17":5,"18":5,"19":5,"20":5},"f":{"0":1,"1":5},"b":{"0":[0,5]}}
,"/Users/mauro124/MTC/projects/wikigame-project/backend/src/config/firebase.config.ts": {"path":"/Users/mauro124/MTC/projects/wikigame-project/backend/src/config/firebase.config.ts","statementMap":{"0":{"start":{"line":1,"column":0},"end":{"line":1,"column":40}},"1":{"start":{"line":25,"column":13},"end":{"line":25,"column":18}},"2":{"start":{"line":2,"column":0},"end":{"line":2,"column":57}},"3":{"start":{"line":4,"column":19},"end":{"line":4,"column":74}},"4":{"start":{"line":6,"column":0},"end":{"line":8,"column":1}},"5":{"start":{"line":7,"column":2},"end":{"line":7,"column":98}},"6":{"start":{"line":10,"column":20},"end":{"line":18,"column":6}},"7":{"start":{"line":20,"column":11},"end":{"line":20,"column":39}},"8":{"start":{"line":25,"column":9},"end":{"line":25,"column":11}},"9":{"start":{"line":21,"column":0},"end":{"line":21,"column":49}},"10":{"start":{"line":23,"column":0},"end":{"line":23,"column":42}}},"fnMap":{},"branchMap":{"0":{"loc":{"start":{"line":6,"column":0},"end":{"line":8,"column":1}},"type":"if","locations":[{"start":{"line":6,"column":0},"end":{"line":8,"column":1}},{"start":{},"end":{}}]},"1":{"loc":{"start":{"line":6,"column":4},"end":{"line":6,"column":89}},"type":"binary-expr","locations":[{"start":{"line":6,"column":4},"end":{"line":6,"column":36}},{"start":{"line":6,"column":40},"end":{"line":6,"column":74}},{"start":{"line":6,"column":78},"end":{"line":6,"column":89}}]},"2":{"loc":{"start":{"line":10,"column":20},"end":{"line":18,"column":6}},"type":"cond-expr","locations":[{"start":{"line":11,"column":4},"end":{"line":11,"column":15}},{"start":{"line":12,"column":4},"end":{"line":18,"column":6}}]}},"s":{"0":5,"1":5,"2":5,"3":5,"4":5,"5":0,"6":5,"7":5,"8":5,"9":5,"10":5},"f":{},"b":{"0":[0,5],"1":[5,5,5],"2":[0,5]}}
,"/Users/mauro124/MTC/projects/wikigame-project/backend/src/config/index.ts": {"path":"/Users/mauro124/MTC/projects/wikigame-project/backend/src/config/index.ts","statementMap":{"0":{"start":{"line":1,"column":0},"end":{"line":1,"column":28}},"1":{"start":{"line":2,"column":0},"end":{"line":2,"column":57}},"2":{"start":{"line":4,"column":0},"end":{"line":4,"column":16}},"3":{"start":{"line":6,"column":15},"end":{"line":10,"column":2}},"4":{"start":{"line":18,"column":9},"end":{"line":18,"column":15}},"5":{"start":{"line":13,"column":0},"end":{"line":16,"column":1}},"6":{"start":{"line":14,"column":2},"end":{"line":14,"column":54}},"7":{"start":{"line":15,"column":2},"end":{"line":15,"column":18}}},"fnMap":{},"branchMap":{"0":{"loc":{"start":{"line":7,"column":17},"end":{"line":7,"column":43}},"type":"binary-expr","locations":[{"start":{"line":7,"column":17},"end":{"line":7,"column":33}},{"start":{"line":7,"column":37},"end":{"line":7,"column":43}}]},"1":{"loc":{"start":{"line":8,"column":7},"end":{"line":8,"column":44}},"type":"binary-expr","locations":[{"start":{"line":8,"column":7},"end":{"line":8,"column":27}},{"start":{"line":8,"column":31},"end":{"line":8,"column":44}}]},"2":{"loc":{"start":{"line":9,"column":12},"end":{"line":9,"column":43}},"type":"binary-expr","locations":[{"start":{"line":9,"column":12},"end":{"line":9,"column":33}},{"start":{"line":9,"column":37},"end":{"line":9,"column":43}}]},"3":{"loc":{"start":{"line":13,"column":0},"end":{"line":16,"column":1}},"type":"if","locations":[{"start":{"line":13,"column":0},"end":{"line":16,"column":1}},{"start":{},"end":{}}]}},"s":{"0":5,"1":5,"2":5,"3":5,"4":5,"5":5,"6":0,"7":0},"f":{},"b":{"0":[5,0],"1":[5,0],"2":[5,0],"3":[0,5]}}
,"/Users/mauro124/MTC/projects/wikigame-project/backend/src/features/articles/article.routes.ts": {"path":"/Users/mauro124/MTC/projects/wikigame-project/backend/src/features/articles/article.routes.ts","statementMap":{"0":{"start":{"line":1,"column":0},"end":{"line":1,"column":33}},"1":{"start":{"line":2,"column":0},"end":{"line":2,"column":69}},"2":{"start":{"line":4,"column":15},"end":{"line":4,"column":23}},"3":{"start":{"line":9,"column":19},"end":{"line":9,"column":32}},"4":{"start":{"line":7,"column":0},"end":{"line":7,"column":82}}},"fnMap":{},"branchMap":{},"s":{"0":5,"1":5,"2":5,"3":5,"4":5},"f":{},"b":{}}
,"/Users/mauro124/MTC/projects/wikigame-project/backend/src/features/articles/controllers/article.controller.ts": {"path":"/Users/mauro124/MTC/projects/wikigame-project/backend/src/features/articles/controllers/article.controller.ts","statementMap":{"0":{"start":{"line":2,"column":0},"end":{"line":2,"column":35}},"1":{"start":{"line":3,"column":0},"end":{"line":3,"column":66}},"2":{"start":{"line":4,"column":0},"end":{"line":4,"column":57}},"3":{"start":{"line":7,"column":21},"end":{"line":7,"column":52}},"4":{"start":{"line":11,"column":28},"end":{"line":11,"column":38}},"5":{"start":{"line":12,"column":21},"end":{"line":12,"column":39}},"6":{"start":{"line":14,"column":26},"end":{"line":14,"column":52}},"7":{"start":{"line":15,"column":4},"end":{"line":19,"column":5}},"8":{"start":{"line":16,"column":6},"end":{"line":16,"column":57}},"9":{"start":{"line":17,"column":6},"end":{"line":17,"column":63}},"10":{"start":{"line":18,"column":6},"end":{"line":18,"column":13}},"11":{"start":{"line":21,"column":20},"end":{"line":21,"column":64}},"12":{"start":{"line":22,"column":4},"end":{"line":22,"column":40}},"13":{"start":{"line":24,"column":4},"end":{"line":24,"column":22}},"14":{"start":{"line":9,"column":0},"end":{"line":9,"column":13}},"15":{"start":{"line":28,"column":13},"end":{"line":28,"column":57}}},"fnMap":{"0":{"name":"(anonymous_1)","decl":{"start":{"line":10,"column":2},"end":{"line":10,"column":7}},"loc":{"start":{"line":10,"column":46},"end":{"line":25,"column":3}}}},"branchMap":{"0":{"loc":{"start":{"line":15,"column":4},"end":{"line":19,"column":5}},"type":"if","locations":[{"start":{"line":15,"column":4},"end":{"line":19,"column":5}},{"start":{},"end":{}}]}},"s":{"0":5,"1":5,"2":5,"3":5,"4":4,"5":4,"6":4,"7":4,"8":1,"9":1,"10":1,"11":3,"12":2,"13":2,"14":5,"15":5},"f":{"0":4},"b":{"0":[1,3]}}
,"/Users/mauro124/MTC/projects/wikigame-project/backend/src/features/articles/data/wikipedia.service.ts": {"path":"/Users/mauro124/MTC/projects/wikigame-project/backend/src/features/articles/data/wikipedia.service.ts","statementMap":{"0":{"start":{"line":1,"column":0},"end":{"line":1,"column":26}},"1":{"start":{"line":2,"column":0},"end":{"line":2,"column":52}},"2":{"start":{"line":10,"column":29},"end":{"line":10,"column":54}},"3":{"start":{"line":16,"column":16},"end":{"line":16,"column":49}},"4":{"start":{"line":18,"column":4},"end":{"line":56,"column":5}},"5":{"start":{"line":19,"column":23},"end":{"line":28,"column":8}},"6":{"start":{"line":30,"column":19},"end":{"line":30,"column":32}},"7":{"start":{"line":32,"column":6},"end":{"line":37,"column":7}},"8":{"start":{"line":33,"column":8},"end":{"line":35,"column":9}},"9":{"start":{"line":34,"column":10},"end":{"line":34,"column":88}},"10":{"start":{"line":36,"column":8},"end":{"line":36,"column":75}},"11":{"start":{"line":39,"column":20},"end":{"line":39,"column":30}},"12":{"start":{"line":40,"column":19},"end":{"line":40,"column":34}},"13":{"start":{"line":41,"column":26},"end":{"line":41,"column":37}},"14":{"start":{"line":44,"column":6},"end":{"line":46,"column":7}},"15":{"start":{"line":45,"column":8},"end":{"line":45,"column":71}},"16":{"start":{"line":48,"column":6},"end":{"line":51,"column":8}},"17":{"start":{"line":53,"column":6},"end":{"line":53,"column":49}},"18":{"start":{"line":53,"column":37},"end":{"line":53,"column":49}},"19":{"start":{"line":54,"column":22},"end":{"line":54,"column":78}},"20":{"start":{"line":55,"column":6},"end":{"line":55,"column":84}},"21":{"start":{"line":9,"column":0},"end":{"line":9,"column":13}},"22":{"start":{"line":60,"column":13},"end":{"line":60,"column":55}}},"fnMap":{"0":{"name":"(anonymous_1)","decl":{"start":{"line":15,"column":2},"end":{"line":15,"column":7}},"loc":{"start":{"line":15,"column":48},"end":{"line":57,"column":3}}}},"branchMap":{"0":{"loc":{"start":{"line":32,"column":6},"end":{"line":37,"column":7}},"type":"if","locations":[{"start":{"line":32,"column":6},"end":{"line":37,"column":7}},{"start":{},"end":{}}]},"1":{"loc":{"start":{"line":33,"column":8},"end":{"line":35,"column":9}},"type":"if","locations":[{"start":{"line":33,"column":8},"end":{"line":35,"column":9}},{"start":{},"end":{}}]},"2":{"loc":{"start":{"line":44,"column":6},"end":{"line":46,"column":7}},"type":"if","locations":[{"start":{"line":44,"column":6},"end":{"line":46,"column":7}},{"start":{},"end":{}}]},"3":{"loc":{"start":{"line":44,"column":10},"end":{"line":44,"column":55}},"type":"binary-expr","locations":[{"start":{"line":44,"column":10},"end":{"line":44,"column":25}},{"start":{"line":44,"column":29},"end":{"line":44,"column":55}}]},"4":{"loc":{"start":{"line":53,"column":6},"end":{"line":53,"column":49}},"type":"if","locations":[{"start":{"line":53,"column":6},"end":{"line":53,"column":49}},{"start":{},"end":{}}]},"5":{"loc":{"start":{"line":54,"column":22},"end":{"line":54,"column":78}},"type":"cond-expr","locations":[{"start":{"line":54,"column":47},"end":{"line":54,"column":60}},{"start":{"line":54,"column":63},"end":{"line":54,"column":78}}]}},"s":{"0":6,"1":6,"2":6,"3":6,"4":6,"5":6,"6":6,"7":6,"8":2,"9":2,"10":0,"11":4,"12":4,"13":4,"14":4,"15":1,"16":4,"17":2,"18":2,"19":0,"20":0,"21":6,"22":6},"f":{"0":6},"b":{"0":[2,4],"1":[2,0],"2":[1,3],"3":[4,1],"4":[2,0],"5":[0,0]}}
,"/Users/mauro124/MTC/projects/wikigame-project/backend/src/features/articles/domain/get-article.usecase.ts": {"path":"/Users/mauro124/MTC/projects/wikigame-project/backend/src/features/articles/domain/get-article.usecase.ts","statementMap":{"0":{"start":{"line":2,"column":0},"end":{"line":2,"column":61}},"1":{"start":{"line":3,"column":0},"end":{"line":3,"column":53}},"2":{"start":{"line":7,"column":36},"end":{"line":7,"column":84}},"3":{"start":{"line":8,"column":19},"end":{"line":8,"column":43}},"4":{"start":{"line":10,"column":4},"end":{"line":17,"column":6}},"5":{"start":{"line":5,"column":0},"end":{"line":5,"column":13}},"6":{"start":{"line":21,"column":13},"end":{"line":21,"column":57}}},"fnMap":{"0":{"name":"(anonymous_0)","decl":{"start":{"line":6,"column":2},"end":{"line":6,"column":7}},"loc":{"start":{"line":6,"column":43},"end":{"line":18,"column":3}}}},"branchMap":{},"s":{"0":5,"1":5,"2":3,"3":2,"4":2,"5":5,"6":5},"f":{"0":3},"b":{}}
,"/Users/mauro124/MTC/projects/wikigame-project/backend/src/features/articles/utils/html-cooker.ts": {"path":"/Users/mauro124/MTC/projects/wikigame-project/backend/src/features/articles/utils/html-cooker.ts","statementMap":{"0":{"start":{"line":1,"column":0},"end":{"line":1,"column":35}},"1":{"start":{"line":9,"column":14},"end":{"line":9,"column":32}},"2":{"start":{"line":10,"column":20},"end":{"line":10,"column":59}},"3":{"start":{"line":11,"column":35},"end":{"line":11,"column":37}},"4":{"start":{"line":14,"column":19},"end":{"line":14,"column":71}},"5":{"start":{"line":16,"column":4},"end":{"line":41,"column":7}},"6":{"start":{"line":17,"column":18},"end":{"line":17,"column":23}},"7":{"start":{"line":18,"column":22},"end":{"line":18,"column":46}},"8":{"start":{"line":20,"column":6},"end":{"line":40,"column":7}},"9":{"start":{"line":21,"column":21},"end":{"line":24,"column":17}},"10":{"start":{"line":25,"column":8},"end":{"line":31,"column":9}},"11":{"start":{"line":26,"column":10},"end":{"line":30,"column":13}},"12":{"start":{"line":32,"column":13},"end":{"line":40,"column":7}},"13":{"start":{"line":33,"column":22},"end":{"line":33,"column":49}},"14":{"start":{"line":34,"column":8},"end":{"line":39,"column":9}},"15":{"start":{"line":35,"column":10},"end":{"line":38,"column":13}},"16":{"start":{"line":43,"column":4},"end":{"line":43,"column":18}},"17":{"start":{"line":53,"column":33},"end":{"line":53,"column":35}},"18":{"start":{"line":55,"column":4},"end":{"line":81,"column":7}},"19":{"start":{"line":56,"column":6},"end":{"line":80,"column":7}},"20":{"start":{"line":57,"column":21},"end":{"line":57,"column":35}},"21":{"start":{"line":58,"column":8},"end":{"line":60,"column":9}},"22":{"start":{"line":59,"column":10},"end":{"line":59,"column":31}},"23":{"start":{"line":61,"column":13},"end":{"line":80,"column":7}},"24":{"start":{"line":62,"column":19},"end":{"line":62,"column":26}},"25":{"start":{"line":63,"column":21},"end":{"line":63,"column":36}},"26":{"start":{"line":64,"column":21},"end":{"line":64,"column":30}},"27":{"start":{"line":68,"column":8},"end":{"line":79,"column":9}},"28":{"start":{"line":69,"column":24},"end":{"line":69,"column":50}},"29":{"start":{"line":70,"column":10},"end":{"line":73,"column":13}},"30":{"start":{"line":76,"column":10},"end":{"line":78,"column":11}},"31":{"start":{"line":77,"column":12},"end":{"line":77,"column":33}},"32":{"start":{"line":83,"column":4},"end":{"line":83,"column":49}},"33":{"start":{"line":90,"column":4},"end":{"line":90,"column":38}},"34":{"start":{"line":90,"column":28},"end":{"line":90,"column":38}},"35":{"start":{"line":92,"column":34},"end":{"line":92,"column":36}},"36":{"start":{"line":93,"column":18},"end":{"line":93,"column":26}},"37":{"start":{"line":95,"column":4},"end":{"line":103,"column":5}},"38":{"start":{"line":95,"column":17},"end":{"line":95,"column":18}},"39":{"start":{"line":96,"column":19},"end":{"line":96,"column":27}},"40":{"start":{"line":97,"column":6},"end":{"line":102,"column":7}},"41":{"start":{"line":98,"column":8},"end":{"line":98,"column":34}},"42":{"start":{"line":100,"column":8},"end":{"line":100,"column":29}},"43":{"start":{"line":101,"column":8},"end":{"line":101,"column":23}},"44":{"start":{"line":104,"column":4},"end":{"line":104,"column":25}},"45":{"start":{"line":106,"column":4},"end":{"line":106,"column":64}},"46":{"start":{"line":106,"column":32},"end":{"line":106,"column":62}},"47":{"start":{"line":4,"column":0},"end":{"line":4,"column":13}},"48":{"start":{"line":110,"column":13},"end":{"line":110,"column":49}}},"fnMap":{"0":{"name":"(anonymous_9)","decl":{"start":{"line":8,"column":2},"end":{"line":8,"column":6}},"loc":{"start":{"line":8,"column":19},"end":{"line":44,"column":3}}},"1":{"name":"(anonymous_10)","decl":{"start":{"line":16,"column":27},"end":{"line":16,"column":28}},"loc":{"start":{"line":16,"column":37},"end":{"line":41,"column":5}}},"2":{"name":"(anonymous_11)","decl":{"start":{"line":49,"column":10},"end":{"line":49,"column":24}},"loc":{"start":{"line":51,"column":25},"end":{"line":84,"column":3}}},"3":{"name":"(anonymous_12)","decl":{"start":{"line":55,"column":23},"end":{"line":55,"column":24}},"loc":{"start":{"line":55,"column":35},"end":{"line":81,"column":5}}},"4":{"name":"(anonymous_13)","decl":{"start":{"line":89,"column":10},"end":{"line":89,"column":35}},"loc":{"start":{"line":89,"column":56},"end":{"line":107,"column":3}}},"5":{"name":"(anonymous_14)","decl":{"start":{"line":106,"column":25},"end":{"line":106,"column":26}},"loc":{"start":{"line":106,"column":32},"end":{"line":106,"column":62}}}},"branchMap":{"0":{"loc":{"start":{"line":14,"column":19},"end":{"line":14,"column":71}},"type":"cond-expr","locations":[{"start":{"line":14,"column":40},"end":{"line":14,"column":47}},{"start":{"line":14,"column":50},"end":{"line":14,"column":71}}]},"1":{"loc":{"start":{"line":20,"column":6},"end":{"line":40,"column":7}},"type":"if","locations":[{"start":{"line":20,"column":6},"end":{"line":40,"column":7}},{"start":{"line":32,"column":13},"end":{"line":40,"column":7}}]},"2":{"loc":{"start":{"line":25,"column":8},"end":{"line":31,"column":9}},"type":"if","locations":[{"start":{"line":25,"column":8},"end":{"line":31,"column":9}},{"start":{},"end":{}}]},"3":{"loc":{"start":{"line":32,"column":13},"end":{"line":40,"column":7}},"type":"if","locations":[{"start":{"line":32,"column":13},"end":{"line":40,"column":7}},{"start":{},"end":{}}]},"4":{"loc":{"start":{"line":34,"column":8},"end":{"line":39,"column":9}},"type":"if","locations":[{"start":{"line":34,"column":8},"end":{"line":39,"column":9}},{"start":{},"end":{}}]},"5":{"loc":{"start":{"line":56,"column":6},"end":{"line":80,"column":7}},"type":"if","locations":[{"start":{"line":56,"column":6},"end":{"line":80,"column":7}},{"start":{"line":61,"column":13},"end":{"line":80,"column":7}}]},"6":{"loc":{"start":{"line":58,"column":8},"end":{"line":60,"column":9}},"type":"if","locations":[{"start":{"line":58,"column":8},"end":{"line":60,"column":9}},{"start":{},"end":{}}]},"7":{"loc":{"start":{"line":61,"column":13},"end":{"line":80,"column":7}},"type":"if","locations":[{"start":{"line":61,"column":13},"end":{"line":80,"column":7}},{"start":{},"end":{}}]},"8":{"loc":{"start":{"line":61,"column":17},"end":{"line":61,"column":60}},"type":"binary-expr","locations":[{"start":{"line":61,"column":17},"end":{"line":61,"column":36}},{"start":{"line":61,"column":40},"end":{"line":61,"column":60}}]},"9":{"loc":{"start":{"line":68,"column":8},"end":{"line":79,"column":9}},"type":"if","locations":[{"start":{"line":68,"column":8},"end":{"line":79,"column":9}},{"start":{"line":74,"column":15},"end":{"line":79,"column":9}}]},"10":{"loc":{"start":{"line":68,"column":12},"end":{"line":68,"column":68}},"type":"binary-expr","locations":[{"start":{"line":68,"column":12},"end":{"line":68,"column":16}},{"start":{"line":68,"column":20},"end":{"line":68,"column":45}},{"start":{"line":68,"column":49},"end":{"line":68,"column":68}}]},"11":{"loc":{"start":{"line":76,"column":10},"end":{"line":78,"column":11}},"type":"if","locations":[{"start":{"line":76,"column":10},"end":{"line":78,"column":11}},{"start":{},"end":{}}]},"12":{"loc":{"start":{"line":90,"column":4},"end":{"line":90,"column":38}},"type":"if","locations":[{"start":{"line":90,"column":4},"end":{"line":90,"column":38}},{"start":{},"end":{}}]},"13":{"loc":{"start":{"line":97,"column":6},"end":{"line":102,"column":7}},"type":"if","locations":[{"start":{"line":97,"column":6},"end":{"line":102,"column":7}},{"start":{"line":99,"column":13},"end":{"line":102,"column":7}}]},"14":{"loc":{"start":{"line":97,"column":10},"end":{"line":97,"column":37}},"type":"binary-expr","locations":[{"start":{"line":97,"column":10},"end":{"line":97,"column":23}},{"start":{"line":97,"column":27},"end":{"line":97,"column":37}}]},"15":{"loc":{"start":{"line":106,"column":32},"end":{"line":106,"column":62}},"type":"binary-expr","locations":[{"start":{"line":106,"column":32},"end":{"line":106,"column":52}},{"start":{"line":106,"column":56},"end":{"line":106,"column":62}}]}},"s":{"0":6,"1":5,"2":5,"3":5,"4":5,"5":5,"6":12,"7":12,"8":12,"9":4,"10":4,"11":4,"12":8,"13":8,"14":8,"15":8,"16":5,"17":8,"18":8,"19":22,"20":14,"21":14,"22":14,"23":8,"24":8,"25":8,"26":8,"27":8,"28":4,"29":4,"30":4,"31":4,"32":8,"33":8,"34":0,"35":8,"36":8,"37":8,"38":8,"39":14,"40":14,"41":8,"42":6,"43":6,"44":8,"45":8,"46":14,"47":6,"48":6},"f":{"0":5,"1":12,"2":8,"3":22,"4":8,"5":14},"b":{"0":[2,3],"1":[4,8],"2":[4,0],"3":[8,0],"4":[8,0],"5":[14,8],"6":[14,0],"7":[8,0],"8":[8,8],"9":[4,4],"10":[8,8,6],"11":[4,0],"12":[0,8],"13":[8,6],"14":[14,11],"15":[14,0]}}
,"/Users/mauro124/MTC/projects/wikigame-project/backend/src/features/challenges/controllers/challenge.controller.ts": {"path":"/Users/mauro124/MTC/projects/wikigame-project/backend/src/features/challenges/controllers/challenge.controller.ts","statementMap":{"0":{"start":{"line":2,"column":0},"end":{"line":2,"column":79}},"1":{"start":{"line":3,"column":0},"end":{"line":3,"column":57}},"2":{"start":{"line":7,"column":18},"end":{"line":7,"column":56}},"3":{"start":{"line":8,"column":4},"end":{"line":8,"column":66}},"4":{"start":{"line":10,"column":4},"end":{"line":32,"column":5}},"5":{"start":{"line":11,"column":22},"end":{"line":11,"column":64}},"6":{"start":{"line":13,"column":6},"end":{"line":24,"column":7}},"7":{"start":{"line":14,"column":8},"end":{"line":14,"column":91}},"8":{"start":{"line":15,"column":25},"end":{"line":18,"column":16}},"9":{"start":{"line":20,"column":8},"end":{"line":23,"column":9}},"10":{"start":{"line":21,"column":22},"end":{"line":21,"column":38}},"11":{"start":{"line":22,"column":10},"end":{"line":22,"column":52}},"12":{"start":{"line":26,"column":6},"end":{"line":28,"column":7}},"13":{"start":{"line":27,"column":8},"end":{"line":27,"column":89}},"14":{"start":{"line":29,"column":6},"end":{"line":29,"column":38}},"15":{"start":{"line":31,"column":6},"end":{"line":31,"column":18}},"16":{"start":{"line":36,"column":4},"end":{"line":46,"column":5}},"17":{"start":{"line":37,"column":23},"end":{"line":40,"column":14}},"18":{"start":{"line":42,"column":25},"end":{"line":42,"column":89}},"19":{"start":{"line":42,"column":58},"end":{"line":42,"column":87}},"20":{"start":{"line":43,"column":6},"end":{"line":43,"column":39}},"21":{"start":{"line":45,"column":6},"end":{"line":45,"column":18}},"22":{"start":{"line":5,"column":0},"end":{"line":5,"column":13}},"23":{"start":{"line":50,"column":13},"end":{"line":50,"column":61}}},"fnMap":{"0":{"name":"(anonymous_0)","decl":{"start":{"line":6,"column":2},"end":{"line":6,"column":7}},"loc":{"start":{"line":6,"column":64},"end":{"line":33,"column":3}}},"1":{"name":"(anonymous_1)","decl":{"start":{"line":35,"column":2},"end":{"line":35,"column":7}},"loc":{"start":{"line":35,"column":60},"end":{"line":47,"column":3}}},"2":{"name":"(anonymous_2)","decl":{"start":{"line":42,"column":43},"end":{"line":42,"column":44}},"loc":{"start":{"line":42,"column":58},"end":{"line":42,"column":87}}}},"branchMap":{"0":{"loc":{"start":{"line":13,"column":6},"end":{"line":24,"column":7}},"type":"if","locations":[{"start":{"line":13,"column":6},"end":{"line":24,"column":7}},{"start":{},"end":{}}]},"1":{"loc":{"start":{"line":20,"column":8},"end":{"line":23,"column":9}},"type":"if","locations":[{"start":{"line":20,"column":8},"end":{"line":23,"column":9}},{"start":{},"end":{}}]},"2":{"loc":{"start":{"line":26,"column":6},"end":{"line":28,"column":7}},"type":"if","locations":[{"start":{"line":26,"column":6},"end":{"line":28,"column":7}},{"start":{},"end":{}}]}},"s":{"0":5,"1":5,"2":0,"3":0,"4":0,"5":0,"6":0,"7":0,"8":0,"9":0,"10":0,"11":0,"12":0,"13":0,"14":0,"15":0,"16":0,"17":0,"18":0,"19":0,"20":0,"21":0,"22":5,"23":5},"f":{"0":0,"1":0,"2":0},"b":{"0":[0,0],"1":[0,0],"2":[0,0]}}
,"/Users/mauro124/MTC/projects/wikigame-project/backend/src/features/challenges/controllers/internal-challenge.controller.ts": {"path":"/Users/mauro124/MTC/projects/wikigame-project/backend/src/features/challenges/controllers/internal-challenge.controller.ts","statementMap":{"0":{"start":{"line":2,"column":0},"end":{"line":2,"column":80}},"1":{"start":{"line":3,"column":0},"end":{"line":3,"column":57}},"2":{"start":{"line":7,"column":26},"end":{"line":7,"column":34}},"3":{"start":{"line":8,"column":18},"end":{"line":8,"column":62}},"4":{"start":{"line":10,"column":4},"end":{"line":13,"column":5}},"5":{"start":{"line":11,"column":6},"end":{"line":11,"column":83}},"6":{"start":{"line":12,"column":6},"end":{"line":12,"column":13}},"7":{"start":{"line":15,"column":4},"end":{"line":31,"column":5}},"8":{"start":{"line":16,"column":6},"end":{"line":16,"column":87}},"9":{"start":{"line":20,"column":6},"end":{"line":23,"column":83}},"10":{"start":{"line":22,"column":25},"end":{"line":22,"column":84}},"11":{"start":{"line":23,"column":24},"end":{"line":23,"column":81}},"12":{"start":{"line":25,"column":6},"end":{"line":28,"column":9}},"13":{"start":{"line":30,"column":6},"end":{"line":30,"column":53}},"14":{"start":{"line":5,"column":0},"end":{"line":5,"column":13}},"15":{"start":{"line":35,"column":13},"end":{"line":35,"column":77}}},"fnMap":{"0":{"name":"(anonymous_0)","decl":{"start":{"line":6,"column":2},"end":{"line":6,"column":7}},"loc":{"start":{"line":6,"column":56},"end":{"line":32,"column":3}}},"1":{"name":"(anonymous_1)","decl":{"start":{"line":22,"column":14},"end":{"line":22,"column":15}},"loc":{"start":{"line":22,"column":25},"end":{"line":22,"column":84}}},"2":{"name":"(anonymous_2)","decl":{"start":{"line":23,"column":15},"end":{"line":23,"column":16}},"loc":{"start":{"line":23,"column":24},"end":{"line":23,"column":81}}}},"branchMap":{"0":{"loc":{"start":{"line":8,"column":18},"end":{"line":8,"column":62}},"type":"cond-expr","locations":[{"start":{"line":8,"column":30},"end":{"line":8,"column":49}},{"start":{"line":8,"column":52},"end":{"line":8,"column":62}}]},"1":{"loc":{"start":{"line":10,"column":4},"end":{"line":13,"column":5}},"type":"if","locations":[{"start":{"line":10,"column":4},"end":{"line":13,"column":5}},{"start":{},"end":{}}]}},"s":{"0":5,"1":5,"2":2,"3":2,"4":2,"5":1,"6":1,"7":1,"8":1,"9":1,"10":1,"11":0,"12":1,"13":0,"14":5,"15":5},"f":{"0":2,"1":1,"2":0},"b":{"0":[2,0],"1":[1,1]}}
,"/Users/mauro124/MTC/projects/wikigame-project/backend/src/features/challenges/data/firestore-challenges.repository.ts": {"path":"/Users/mauro124/MTC/projects/wikigame-project/backend/src/features/challenges/data/firestore-challenges.repository.ts","statementMap":{"0":{"start":{"line":1,"column":0},"end":{"line":1,"column":81}},"1":{"start":{"line":10,"column":4},"end":{"line":10,"column":24}},"2":{"start":{"line":14,"column":28},"end":{"line":14,"column":37}},"3":{"start":{"line":15,"column":4},"end":{"line":15,"column":33}},"4":{"start":{"line":5,"column":0},"end":{"line":5,"column":13}},"5":{"start":{"line":19,"column":13},"end":{"line":19,"column":72}}},"fnMap":{"0":{"name":"(anonymous_0)","decl":{"start":{"line":9,"column":2},"end":{"line":9,"column":null}},"loc":{"start":{"line":9,"column":2},"end":{"line":11,"column":3}}},"1":{"name":"(anonymous_1)","decl":{"start":{"line":13,"column":2},"end":{"line":13,"column":7}},"loc":{"start":{"line":13,"column":33},"end":{"line":16,"column":3}}}},"branchMap":{},"s":{"0":8,"1":8,"2":1,"3":1,"4":8,"5":8},"f":{"0":8,"1":1},"b":{}}
,"/Users/mauro124/MTC/projects/wikigame-project/backend/src/features/challenges/data/wikipedia-feed.service.ts": {"path":"/Users/mauro124/MTC/projects/wikigame-project/backend/src/features/challenges/data/wikipedia-feed.service.ts","statementMap":{"0":{"start":{"line":1,"column":0},"end":{"line":1,"column":26}},"1":{"start":{"line":2,"column":0},"end":{"line":2,"column":52}},"2":{"start":{"line":5,"column":29},"end":{"line":5,"column":54}},"3":{"start":{"line":15,"column":16},"end":{"line":15,"column":49}},"4":{"start":{"line":16,"column":4},"end":{"line":39,"column":5}},"5":{"start":{"line":17,"column":23},"end":{"line":27,"column":8}},"6":{"start":{"line":29,"column":19},"end":{"line":29,"column":32}},"7":{"start":{"line":30,"column":6},"end":{"line":32,"column":7}},"8":{"start":{"line":31,"column":8},"end":{"line":31,"column":86}},"9":{"start":{"line":34,"column":22},"end":{"line":34,"column":48}},"10":{"start":{"line":35,"column":6},"end":{"line":35,"column":46}},"11":{"start":{"line":35,"column":37},"end":{"line":35,"column":44}},"12":{"start":{"line":37,"column":6},"end":{"line":37,"column":49}},"13":{"start":{"line":37,"column":37},"end":{"line":37,"column":49}},"14":{"start":{"line":38,"column":6},"end":{"line":38,"column":84}},"15":{"start":{"line":46,"column":16},"end":{"line":46,"column":49}},"16":{"start":{"line":47,"column":28},"end":{"line":47,"column":30}},"17":{"start":{"line":50,"column":4},"end":{"line":84,"column":5}},"18":{"start":{"line":51,"column":6},"end":{"line":79,"column":30}},"19":{"start":{"line":52,"column":25},"end":{"line":63,"column":10}},"20":{"start":{"line":65,"column":21},"end":{"line":65,"column":34}},"21":{"start":{"line":66,"column":8},"end":{"line":66,"column":30}},"22":{"start":{"line":66,"column":24},"end":{"line":66,"column":30}},"23":{"start":{"line":68,"column":22},"end":{"line":68,"column":38}},"24":{"start":{"line":69,"column":23},"end":{"line":69,"column":44}},"25":{"start":{"line":70,"column":26},"end":{"line":70,"column":45}},"26":{"start":{"line":72,"column":8},"end":{"line":74,"column":9}},"27":{"start":{"line":73,"column":10},"end":{"line":73,"column":60}},"28":{"start":{"line":73,"column":50},"end":{"line":73,"column":57}},"29":{"start":{"line":76,"column":8},"end":{"line":76,"column":50}},"30":{"start":{"line":78,"column":8},"end":{"line":78,"column":39}},"31":{"start":{"line":78,"column":33},"end":{"line":78,"column":39}},"32":{"start":{"line":81,"column":6},"end":{"line":81,"column":19}},"33":{"start":{"line":83,"column":6},"end":{"line":83,"column":16}},"34":{"start":{"line":4,"column":0},"end":{"line":4,"column":13}},"35":{"start":{"line":88,"column":13},"end":{"line":88,"column":63}}},"fnMap":{"0":{"name":"(anonymous_1)","decl":{"start":{"line":10,"column":2},"end":{"line":10,"column":7}},"loc":{"start":{"line":13,"column":14},"end":{"line":40,"column":3}}},"1":{"name":"(anonymous_2)","decl":{"start":{"line":35,"column":25},"end":{"line":35,"column":26}},"loc":{"start":{"line":35,"column":37},"end":{"line":35,"column":44}}},"2":{"name":"(anonymous_3)","decl":{"start":{"line":45,"column":2},"end":{"line":45,"column":7}},"loc":{"start":{"line":45,"column":51},"end":{"line":85,"column":3}}},"3":{"name":"(anonymous_4)","decl":{"start":{"line":73,"column":38},"end":{"line":73,"column":39}},"loc":{"start":{"line":73,"column":50},"end":{"line":73,"column":57}}}},"branchMap":{"0":{"loc":{"start":{"line":13,"column":4},"end":{"line":13,"column":14}},"type":"default-arg","locations":[{"start":{"line":13,"column":12},"end":{"line":13,"column":14}}]},"1":{"loc":{"start":{"line":30,"column":6},"end":{"line":32,"column":7}},"type":"if","locations":[{"start":{"line":30,"column":6},"end":{"line":32,"column":7}},{"start":{},"end":{}}]},"2":{"loc":{"start":{"line":37,"column":6},"end":{"line":37,"column":49}},"type":"if","locations":[{"start":{"line":37,"column":6},"end":{"line":37,"column":49}},{"start":{},"end":{}}]},"3":{"loc":{"start":{"line":66,"column":8},"end":{"line":66,"column":30}},"type":"if","locations":[{"start":{"line":66,"column":8},"end":{"line":66,"column":30}},{"start":{},"end":{}}]},"4":{"loc":{"start":{"line":72,"column":8},"end":{"line":74,"column":9}},"type":"if","locations":[{"start":{"line":72,"column":8},"end":{"line":74,"column":9}},{"start":{},"end":{}}]},"5":{"loc":{"start":{"line":78,"column":8},"end":{"line":78,"column":39}},"type":"if","locations":[{"start":{"line":78,"column":8},"end":{"line":78,"column":39}},{"start":{},"end":{}}]}},"s":{"0":7,"1":7,"2":7,"3":1,"4":1,"5":1,"6":1,"7":1,"8":0,"9":1,"10":1,"11":2,"12":0,"13":0,"14":0,"15":1,"16":1,"17":1,"18":1,"19":1,"20":1,"21":1,"22":0,"23":1,"24":1,"25":1,"26":1,"27":1,"28":2,"29":1,"30":1,"31":0,"32":1,"33":0,"34":7,"35":7},"f":{"0":1,"1":2,"2":1,"3":2},"b":{"0":[1],"1":[0,1],"2":[0,0],"3":[0,1],"4":[1,0],"5":[0,1]}}
,"/Users/mauro124/MTC/projects/wikigame-project/backend/src/features/challenges/domain/categories.ts": {"path":"/Users/mauro124/MTC/projects/wikigame-project/backend/src/features/challenges/domain/categories.ts","statementMap":{"0":{"start":{"line":1,"column":13},"end":{"line":32,"column":2}}},"fnMap":{},"branchMap":{},"s":{"0":6},"f":{},"b":{}}
,"/Users/mauro124/MTC/projects/wikigame-project/backend/src/features/challenges/domain/generate-challenge.usecase.ts": {"path":"/Users/mauro124/MTC/projects/wikigame-project/backend/src/features/challenges/domain/generate-challenge.usecase.ts","statementMap":{"0":{"start":{"line":2,"column":0},"end":{"line":2,"column":70}},"1":{"start":{"line":3,"column":0},"end":{"line":3,"column":79}},"2":{"start":{"line":4,"column":0},"end":{"line":4,"column":42}},"3":{"start":{"line":5,"column":0},"end":{"line":5,"column":57}},"4":{"start":{"line":12,"column":25},"end":{"line":12,"column":26}},"5":{"start":{"line":13,"column":17},"end":{"line":13,"column":21}},"6":{"start":{"line":15,"column":4},"end":{"line":61,"column":5}},"7":{"start":{"line":15,"column":19},"end":{"line":15,"column":20}},"8":{"start":{"line":16,"column":26},"end":{"line":16,"column":45}},"9":{"start":{"line":17,"column":6},"end":{"line":17,"column":53}},"10":{"start":{"line":18,"column":21},"end":{"line":18,"column":60}},"11":{"start":{"line":21,"column":23},"end":{"line":21,"column":58}},"12":{"start":{"line":22,"column":6},"end":{"line":22,"column":81}},"13":{"start":{"line":24,"column":19},"end":{"line":24,"column":96}},"14":{"start":{"line":26,"column":6},"end":{"line":29,"column":7}},"15":{"start":{"line":27,"column":8},"end":{"line":27,"column":74}},"16":{"start":{"line":28,"column":8},"end":{"line":28,"column":17}},"17":{"start":{"line":31,"column":29},"end":{"line":31,"column":30}},"18":{"start":{"line":32,"column":21},"end":{"line":32,"column":22}},"19":{"start":{"line":33,"column":26},"end":{"line":33,"column":28}},"20":{"start":{"line":35,"column":6},"end":{"line":58,"column":7}},"21":{"start":{"line":36,"column":8},"end":{"line":36,"column":19}},"22":{"start":{"line":37,"column":22},"end":{"line":37,"column":67}},"23":{"start":{"line":38,"column":20},"end":{"line":38,"column":65}},"24":{"start":{"line":40,"column":8},"end":{"line":40,"column":36}},"25":{"start":{"line":40,"column":27},"end":{"line":40,"column":36}},"26":{"start":{"line":42,"column":26},"end":{"line":42,"column":66}},"27":{"start":{"line":43,"column":8},"end":{"line":57,"column":9}},"28":{"start":{"line":44,"column":39},"end":{"line":52,"column":12}},"29":{"start":{"line":54,"column":10},"end":{"line":54,"column":53}},"30":{"start":{"line":55,"column":10},"end":{"line":55,"column":29}},"31":{"start":{"line":56,"column":10},"end":{"line":56,"column":27}},"32":{"start":{"line":60,"column":6},"end":{"line":60,"column":83}},"33":{"start":{"line":63,"column":4},"end":{"line":63,"column":26}},"34":{"start":{"line":70,"column":28},"end":{"line":70,"column":35}},"35":{"start":{"line":71,"column":20},"end":{"line":71,"column":44}},"36":{"start":{"line":72,"column":18},"end":{"line":72,"column":55}},"37":{"start":{"line":74,"column":4},"end":{"line":93,"column":5}},"38":{"start":{"line":75,"column":22},"end":{"line":75,"column":36}},"39":{"start":{"line":76,"column":27},"end":{"line":76,"column":46}},"40":{"start":{"line":78,"column":6},"end":{"line":78,"column":38}},"41":{"start":{"line":78,"column":29},"end":{"line":78,"column":38}},"42":{"start":{"line":80,"column":20},"end":{"line":80,"column":77}},"43":{"start":{"line":82,"column":6},"end":{"line":91,"column":7}},"44":{"start":{"line":83,"column":8},"end":{"line":83,"column":38}},"45":{"start":{"line":83,"column":26},"end":{"line":83,"column":38}},"46":{"start":{"line":84,"column":8},"end":{"line":88,"column":9}},"47":{"start":{"line":85,"column":10},"end":{"line":85,"column":28}},"48":{"start":{"line":86,"column":10},"end":{"line":86,"column":44}},"49":{"start":{"line":87,"column":10},"end":{"line":87,"column":27}},"50":{"start":{"line":90,"column":8},"end":{"line":90,"column":39}},"51":{"start":{"line":90,"column":33},"end":{"line":90,"column":39}},"52":{"start":{"line":92,"column":6},"end":{"line":92,"column":37}},"53":{"start":{"line":92,"column":31},"end":{"line":92,"column":37}},"54":{"start":{"line":95,"column":4},"end":{"line":95,"column":17}},"55":{"start":{"line":7,"column":0},"end":{"line":7,"column":13}},"56":{"start":{"line":99,"column":13},"end":{"line":99,"column":71}}},"fnMap":{"0":{"name":"(anonymous_0)","decl":{"start":{"line":11,"column":2},"end":{"line":11,"column":7}},"loc":{"start":{"line":11,"column":44},"end":{"line":64,"column":3}}},"1":{"name":"(anonymous_1)","decl":{"start":{"line":69,"column":2},"end":{"line":69,"column":7}},"loc":{"start":{"line":69,"column":60},"end":{"line":96,"column":3}}}},"branchMap":{"0":{"loc":{"start":{"line":26,"column":6},"end":{"line":29,"column":7}},"type":"if","locations":[{"start":{"line":26,"column":6},"end":{"line":29,"column":7}},{"start":{},"end":{}}]},"1":{"loc":{"start":{"line":35,"column":13},"end":{"line":35,"column":60}},"type":"binary-expr","locations":[{"start":{"line":35,"column":13},"end":{"line":35,"column":34}},{"start":{"line":35,"column":38},"end":{"line":35,"column":60}}]},"2":{"loc":{"start":{"line":40,"column":8},"end":{"line":40,"column":36}},"type":"if","locations":[{"start":{"line":40,"column":8},"end":{"line":40,"column":36}},{"start":{},"end":{}}]},"3":{"loc":{"start":{"line":43,"column":8},"end":{"line":57,"column":9}},"type":"if","locations":[{"start":{"line":43,"column":8},"end":{"line":57,"column":9}},{"start":{},"end":{}}]},"4":{"loc":{"start":{"line":78,"column":6},"end":{"line":78,"column":38}},"type":"if","locations":[{"start":{"line":78,"column":6},"end":{"line":78,"column":38}},{"start":{},"end":{}}]},"5":{"loc":{"start":{"line":83,"column":8},"end":{"line":83,"column":38}},"type":"if","locations":[{"start":{"line":83,"column":8},"end":{"line":83,"column":38}},{"start":{},"end":{}}]},"6":{"loc":{"start":{"line":84,"column":8},"end":{"line":88,"column":9}},"type":"if","locations":[{"start":{"line":84,"column":8},"end":{"line":88,"column":9}},{"start":{},"end":{}}]},"7":{"loc":{"start":{"line":90,"column":8},"end":{"line":90,"column":39}},"type":"if","locations":[{"start":{"line":90,"column":8},"end":{"line":90,"column":39}},{"start":{},"end":{}}]},"8":{"loc":{"start":{"line":92,"column":6},"end":{"line":92,"column":37}},"type":"if","locations":[{"start":{"line":92,"column":6},"end":{"line":92,"column":37}},{"start":{},"end":{}}]}},"s":{"0":6,"1":6,"2":6,"3":6,"4":0,"5":0,"6":0,"7":0,"8":0,"9":0,"10":0,"11":0,"12":0,"13":0,"14":0,"15":0,"16":0,"17":0,"18":0,"19":0,"20":0,"21":0,"22":0,"23":0,"24":0,"25":0,"26":0,"27":0,"28":0,"29":0,"30":0,"31":0,"32":0,"33":0,"34":3,"35":3,"36":3,"37":3,"38":6,"39":6,"40":6,"41":0,"42":6,"43":6,"44":6,"45":1,"46":5,"47":3,"48":3,"49":3,"50":5,"51":0,"52":5,"53":0,"54":2,"55":6,"56":6},"f":{"0":0,"1":3},"b":{"0":[0,0],"1":[0,0],"2":[0,0],"3":[0,0],"4":[0,6],"5":[1,5],"6":[3,2],"7":[0,5],"8":[0,5]}}
,"/Users/mauro124/MTC/projects/wikigame-project/backend/src/features/results/controllers/result.controller.ts": {"path":"/Users/mauro124/MTC/projects/wikigame-project/backend/src/features/results/controllers/result.controller.ts","statementMap":{"0":{"start":{"line":2,"column":0},"end":{"line":2,"column":59}},"1":{"start":{"line":3,"column":0},"end":{"line":3,"column":70}},"2":{"start":{"line":7,"column":23},"end":{"line":12,"column":4}},"3":{"start":{"line":15,"column":19},"end":{"line":15,"column":40}},"4":{"start":{"line":16,"column":4},"end":{"line":18,"column":5}},"5":{"start":{"line":17,"column":6},"end":{"line":17,"column":79}},"6":{"start":{"line":20,"column":4},"end":{"line":34,"column":5}},"7":{"start":{"line":22,"column":21},"end":{"line":22,"column":34}},"8":{"start":{"line":23,"column":6},"end":{"line":25,"column":7}},"9":{"start":{"line":24,"column":8},"end":{"line":24,"column":82}},"10":{"start":{"line":27,"column":6},"end":{"line":30,"column":9}},"11":{"start":{"line":31,"column":6},"end":{"line":31,"column":79}},"12":{"start":{"line":33,"column":6},"end":{"line":33,"column":18}},"13":{"start":{"line":6,"column":0},"end":{"line":6,"column":13}},"14":{"start":{"line":38,"column":13},"end":{"line":38,"column":55}}},"fnMap":{"0":{"name":"(anonymous_0)","decl":{"start":{"line":14,"column":2},"end":{"line":14,"column":7}},"loc":{"start":{"line":14,"column":66},"end":{"line":35,"column":3}}}},"branchMap":{"0":{"loc":{"start":{"line":16,"column":4},"end":{"line":18,"column":5}},"type":"if","locations":[{"start":{"line":16,"column":4},"end":{"line":18,"column":5}},{"start":{},"end":{}}]},"1":{"loc":{"start":{"line":23,"column":6},"end":{"line":25,"column":7}},"type":"if","locations":[{"start":{"line":23,"column":6},"end":{"line":25,"column":7}},{"start":{},"end":{}}]}},"s":{"0":5,"1":5,"2":5,"3":2,"4":2,"5":1,"6":1,"7":1,"8":1,"9":0,"10":1,"11":1,"12":0,"13":5,"14":5},"f":{"0":2},"b":{"0":[1,1],"1":[0,1]}}
,"/Users/mauro124/MTC/projects/wikigame-project/backend/src/features/results/data/firestore-results.repository.ts": {"path":"/Users/mauro124/MTC/projects/wikigame-project/backend/src/features/results/data/firestore-results.repository.ts","statementMap":{"0":{"start":{"line":1,"column":0},"end":{"line":1,"column":81}},"1":{"start":{"line":10,"column":4},"end":{"line":10,"column":21}},"2":{"start":{"line":14,"column":15},"end":{"line":14,"column":55}},"3":{"start":{"line":15,"column":4},"end":{"line":15,"column":35}},"4":{"start":{"line":19,"column":21},"end":{"line":19,"column":88}},"5":{"start":{"line":20,"column":4},"end":{"line":20,"column":71}},"6":{"start":{"line":20,"column":38},"end":{"line":20,"column":69}},"7":{"start":{"line":24,"column":15},"end":{"line":24,"column":41}},"8":{"start":{"line":25,"column":16},"end":{"line":25,"column":51}},"9":{"start":{"line":26,"column":4},"end":{"line":26,"column":22}},"10":{"start":{"line":5,"column":0},"end":{"line":5,"column":13}},"11":{"start":{"line":30,"column":13},"end":{"line":30,"column":66}}},"fnMap":{"0":{"name":"(anonymous_0)","decl":{"start":{"line":9,"column":2},"end":{"line":9,"column":null}},"loc":{"start":{"line":9,"column":2},"end":{"line":11,"column":3}}},"1":{"name":"(anonymous_1)","decl":{"start":{"line":13,"column":2},"end":{"line":13,"column":7}},"loc":{"start":{"line":13,"column":31},"end":{"line":16,"column":3}}},"2":{"name":"(anonymous_2)","decl":{"start":{"line":18,"column":2},"end":{"line":18,"column":7}},"loc":{"start":{"line":18,"column":43},"end":{"line":21,"column":3}}},"3":{"name":"(anonymous_3)","decl":{"start":{"line":20,"column":29},"end":{"line":20,"column":30}},"loc":{"start":{"line":20,"column":38},"end":{"line":20,"column":69}}},"4":{"name":"(anonymous_4)","decl":{"start":{"line":23,"column":2},"end":{"line":23,"column":7}},"loc":{"start":{"line":23,"column":50},"end":{"line":27,"column":3}}}},"branchMap":{},"s":{"0":6,"1":6,"2":2,"3":2,"4":1,"5":1,"6":1,"7":2,"8":2,"9":2,"10":6,"11":6},"f":{"0":6,"1":2,"2":1,"3":1,"4":2},"b":{}}
,"/Users/mauro124/MTC/projects/wikigame-project/backend/src/features/results/domain/submit-result.usecase.ts": {"path":"/Users/mauro124/MTC/projects/wikigame-project/backend/src/features/results/domain/submit-result.usecase.ts","statementMap":{"0":{"start":{"line":2,"column":0},"end":{"line":2,"column":73}},"1":{"start":{"line":3,"column":0},"end":{"line":3,"column":82}},"2":{"start":{"line":4,"column":0},"end":{"line":4,"column":57}},"3":{"start":{"line":8,"column":57},"end":{"line":8,"column":63}},"4":{"start":{"line":10,"column":26},"end":{"line":10,"column":77}},"5":{"start":{"line":11,"column":4},"end":{"line":14,"column":5}},"6":{"start":{"line":12,"column":6},"end":{"line":12,"column":87}},"7":{"start":{"line":13,"column":6},"end":{"line":13,"column":13}},"8":{"start":{"line":16,"column":4},"end":{"line":16,"column":41}},"9":{"start":{"line":17,"column":4},"end":{"line":17,"column":75}},"10":{"start":{"line":19,"column":4},"end":{"line":19,"column":87}},"11":{"start":{"line":6,"column":0},"end":{"line":6,"column":13}},"12":{"start":{"line":23,"column":13},"end":{"line":23,"column":61}}},"fnMap":{"0":{"name":"(anonymous_0)","decl":{"start":{"line":7,"column":2},"end":{"line":7,"column":7}},"loc":{"start":{"line":7,"column":34},"end":{"line":20,"column":3}}}},"branchMap":{"0":{"loc":{"start":{"line":11,"column":4},"end":{"line":14,"column":5}},"type":"if","locations":[{"start":{"line":11,"column":4},"end":{"line":14,"column":5}},{"start":{},"end":{}}]}},"s":{"0":5,"1":5,"2":5,"3":1,"4":1,"5":1,"6":0,"7":0,"8":1,"9":1,"10":1,"11":5,"12":5},"f":{"0":1},"b":{"0":[0,1]}}
,"/Users/mauro124/MTC/projects/wikigame-project/backend/src/features/stats/controllers/stats.controller.ts": {"path":"/Users/mauro124/MTC/projects/wikigame-project/backend/src/features/stats/controllers/stats.controller.ts","statementMap":{"0":{"start":{"line":2,"column":0},"end":{"line":2,"column":62}},"1":{"start":{"line":6,"column":19},"end":{"line":6,"column":29}},"2":{"start":{"line":8,"column":4},"end":{"line":18,"column":5}},"3":{"start":{"line":9,"column":20},"end":{"line":9,"column":63}},"4":{"start":{"line":10,"column":6},"end":{"line":14,"column":7}},"5":{"start":{"line":11,"column":8},"end":{"line":13,"column":84}},"6":{"start":{"line":15,"column":6},"end":{"line":15,"column":34}},"7":{"start":{"line":17,"column":6},"end":{"line":17,"column":18}},"8":{"start":{"line":4,"column":0},"end":{"line":4,"column":13}},"9":{"start":{"line":22,"column":13},"end":{"line":22,"column":53}}},"fnMap":{"0":{"name":"(anonymous_0)","decl":{"start":{"line":5,"column":2},"end":{"line":5,"column":7}},"loc":{"start":{"line":5,"column":64},"end":{"line":19,"column":3}}}},"branchMap":{"0":{"loc":{"start":{"line":10,"column":6},"end":{"line":14,"column":7}},"type":"if","locations":[{"start":{"line":10,"column":6},"end":{"line":14,"column":7}},{"start":{},"end":{}}]}},"s":{"0":5,"1":0,"2":0,"3":0,"4":0,"5":0,"6":0,"7":0,"8":5,"9":5},"f":{"0":0},"b":{"0":[0,0]}}
,"/Users/mauro124/MTC/projects/wikigame-project/backend/src/features/stats/data/firestore-stats.repository.ts": {"path":"/Users/mauro124/MTC/projects/wikigame-project/backend/src/features/stats/data/firestore-stats.repository.ts","statementMap":{"0":{"start":{"line":1,"column":0},"end":{"line":1,"column":81}},"1":{"start":{"line":4,"column":0},"end":{"line":4,"column":48}},"2":{"start":{"line":11,"column":4},"end":{"line":11,"column":19}},"3":{"start":{"line":15,"column":28},"end":{"line":15,"column":33}},"4":{"start":{"line":16,"column":4},"end":{"line":16,"column":33}},"5":{"start":{"line":20,"column":19},"end":{"line":20,"column":51}},"6":{"start":{"line":23,"column":19},"end":{"line":23,"column":61}},"7":{"start":{"line":25,"column":4},"end":{"line":34,"column":6}},"8":{"start":{"line":6,"column":0},"end":{"line":6,"column":13}},"9":{"start":{"line":38,"column":13},"end":{"line":38,"column":62}}},"fnMap":{"0":{"name":"(anonymous_0)","decl":{"start":{"line":10,"column":2},"end":{"line":10,"column":null}},"loc":{"start":{"line":10,"column":2},"end":{"line":12,"column":3}}},"1":{"name":"(anonymous_1)","decl":{"start":{"line":14,"column":2},"end":{"line":14,"column":7}},"loc":{"start":{"line":14,"column":30},"end":{"line":17,"column":3}}},"2":{"name":"(anonymous_2)","decl":{"start":{"line":19,"column":2},"end":{"line":19,"column":7}},"loc":{"start":{"line":19,"column":79},"end":{"line":35,"column":3}}}},"branchMap":{"0":{"loc":{"start":{"line":23,"column":19},"end":{"line":23,"column":61}},"type":"cond-expr","locations":[{"start":{"line":23,"column":33},"end":{"line":23,"column":41}},{"start":{"line":23,"column":44},"end":{"line":23,"column":61}}]}},"s":{"0":6,"1":6,"2":6,"3":0,"4":0,"5":3,"6":3,"7":3,"8":6,"9":6},"f":{"0":6,"1":0,"2":3},"b":{"0":[1,2]}}
,"/Users/mauro124/MTC/projects/wikigame-project/backend/src/features/stats/domain/get-stats.usecase.ts": {"path":"/Users/mauro124/MTC/projects/wikigame-project/backend/src/features/stats/domain/get-stats.usecase.ts","statementMap":{"0":{"start":{"line":1,"column":0},"end":{"line":1,"column":69}},"1":{"start":{"line":6,"column":18},"end":{"line":6,"column":61}},"2":{"start":{"line":8,"column":4},"end":{"line":8,"column":28}},"3":{"start":{"line":8,"column":16},"end":{"line":8,"column":28}},"4":{"start":{"line":11,"column":4},"end":{"line":16,"column":6}},"5":{"start":{"line":4,"column":0},"end":{"line":4,"column":13}},"6":{"start":{"line":20,"column":13},"end":{"line":20,"column":53}}},"fnMap":{"0":{"name":"(anonymous_0)","decl":{"start":{"line":5,"column":2},"end":{"line":5,"column":7}},"loc":{"start":{"line":5,"column":35},"end":{"line":17,"column":3}}}},"branchMap":{"0":{"loc":{"start":{"line":8,"column":4},"end":{"line":8,"column":28}},"type":"if","locations":[{"start":{"line":8,"column":4},"end":{"line":8,"column":28}},{"start":{},"end":{}}]},"1":{"loc":{"start":{"line":14,"column":8},"end":{"line":14,"column":88}},"type":"cond-expr","locations":[{"start":{"line":14,"column":30},"end":{"line":14,"column":84}},{"start":{"line":14,"column":87},"end":{"line":14,"column":88}}]},"2":{"loc":{"start":{"line":15,"column":19},"end":{"line":15,"column":97}},"type":"cond-expr","locations":[{"start":{"line":15,"column":41},"end":{"line":15,"column":93}},{"start":{"line":15,"column":96},"end":{"line":15,"column":97}}]}},"s":{"0":5,"1":0,"2":0,"3":0,"4":0,"5":5,"6":5},"f":{"0":0},"b":{"0":[0,0],"1":[0,0],"2":[0,0]}}
,"/Users/mauro124/MTC/projects/wikigame-project/backend/src/middleware/auth.middleware.ts": {"path":"/Users/mauro124/MTC/projects/wikigame-project/backend/src/middleware/auth.middleware.ts","statementMap":{"0":{"start":{"line":3,"column":30},"end":{"line":15,"column":1}},"1":{"start":{"line":4,"column":17},"end":{"line":4,"column":47}},"2":{"start":{"line":5,"column":22},"end":{"line":5,"column":51}},"3":{"start":{"line":7,"column":2},"end":{"line":12,"column":3}},"4":{"start":{"line":8,"column":4},"end":{"line":11,"column":7}},"5":{"start":{"line":14,"column":2},"end":{"line":14,"column":9}},"6":{"start":{"line":3,"column":13},"end":{"line":3,"column":30}}},"fnMap":{"0":{"name":"(anonymous_0)","decl":{"start":{"line":3,"column":30},"end":{"line":3,"column":31}},"loc":{"start":{"line":3,"column":82},"end":{"line":15,"column":1}}}},"branchMap":{"0":{"loc":{"start":{"line":7,"column":2},"end":{"line":12,"column":3}},"type":"if","locations":[{"start":{"line":7,"column":2},"end":{"line":12,"column":3}},{"start":{},"end":{}}]},"1":{"loc":{"start":{"line":7,"column":6},"end":{"line":7,"column":39}},"type":"binary-expr","locations":[{"start":{"line":7,"column":6},"end":{"line":7,"column":13}},{"start":{"line":7,"column":17},"end":{"line":7,"column":39}}]}},"s":{"0":5,"1":2,"2":2,"3":2,"4":0,"5":2,"6":5},"f":{"0":2},"b":{"0":[0,2],"1":[2,2]}}
,"/Users/mauro124/MTC/projects/wikigame-project/backend/src/middleware/error-handler.middleware.ts": {"path":"/Users/mauro124/MTC/projects/wikigame-project/backend/src/middleware/error-handler.middleware.ts","statementMap":{"0":{"start":{"line":2,"column":0},"end":{"line":2,"column":52}},"1":{"start":{"line":4,"column":21},"end":{"line":27,"column":1}},"2":{"start":{"line":5,"column":21},"end":{"line":5,"column":42}},"3":{"start":{"line":6,"column":18},"end":{"line":6,"column":56}},"4":{"start":{"line":7,"column":24},"end":{"line":7,"column":75}},"5":{"start":{"line":9,"column":2},"end":{"line":19,"column":5}},"6":{"start":{"line":21,"column":2},"end":{"line":26,"column":5}},"7":{"start":{"line":29,"column":9},"end":{"line":29,"column":21}}},"fnMap":{"0":{"name":"(anonymous_0)","decl":{"start":{"line":4,"column":21},"end":{"line":4,"column":22}},"loc":{"start":{"line":4,"column":84},"end":{"line":27,"column":1}}}},"branchMap":{"0":{"loc":{"start":{"line":5,"column":21},"end":{"line":5,"column":42}},"type":"binary-expr","locations":[{"start":{"line":5,"column":21},"end":{"line":5,"column":35}},{"start":{"line":5,"column":39},"end":{"line":5,"column":42}}]},"1":{"loc":{"start":{"line":6,"column":18},"end":{"line":6,"column":56}},"type":"binary-expr","locations":[{"start":{"line":6,"column":18},"end":{"line":6,"column":29}},{"start":{"line":6,"column":33},"end":{"line":6,"column":56}}]},"2":{"loc":{"start":{"line":7,"column":24},"end":{"line":7,"column":75}},"type":"cond-expr","locations":[{"start":{"line":7,"column":50},"end":{"line":7,"column":67}},{"start":{"line":7,"column":70},"end":{"line":7,"column":75}}]},"3":{"loc":{"start":{"line":14,"column":13},"end":{"line":14,"column":74}},"type":"cond-expr","locations":[{"start":{"line":14,"column":53},"end":{"line":14,"column":62}},{"start":{"line":14,"column":65},"end":{"line":14,"column":74}}]}},"s":{"0":5,"1":5,"2":2,"3":2,"4":2,"5":2,"6":2,"7":5},"f":{"0":2},"b":{"0":[2,0],"1":[2,0],"2":[2,0],"3":[0,2]}}
,"/Users/mauro124/MTC/projects/wikigame-project/backend/src/middleware/verify-auth.middleware.ts": {"path":"/Users/mauro124/MTC/projects/wikigame-project/backend/src/middleware/verify-auth.middleware.ts","statementMap":{"0":{"start":{"line":2,"column":0},"end":{"line":2,"column":48}},"1":{"start":{"line":8,"column":26},"end":{"line":22,"column":1}},"2":{"start":{"line":9,"column":16},"end":{"line":9,"column":62}},"3":{"start":{"line":11,"column":2},"end":{"line":13,"column":3}},"4":{"start":{"line":12,"column":4},"end":{"line":12,"column":83}},"5":{"start":{"line":15,"column":2},"end":{"line":21,"column":3}},"6":{"start":{"line":16,"column":25},"end":{"line":16,"column":64}},"7":{"start":{"line":17,"column":4},"end":{"line":17,"column":28}},"8":{"start":{"line":18,"column":4},"end":{"line":18,"column":11}},"9":{"start":{"line":20,"column":4},"end":{"line":20,"column":79}},"10":{"start":{"line":8,"column":13},"end":{"line":8,"column":26}}},"fnMap":{"0":{"name":"(anonymous_0)","decl":{"start":{"line":8,"column":26},"end":{"line":8,"column":31}},"loc":{"start":{"line":8,"column":88},"end":{"line":22,"column":1}}}},"branchMap":{"0":{"loc":{"start":{"line":11,"column":2},"end":{"line":13,"column":3}},"type":"if","locations":[{"start":{"line":11,"column":2},"end":{"line":13,"column":3}},{"start":{},"end":{}}]}},"s":{"0":4,"1":4,"2":0,"3":0,"4":0,"5":0,"6":0,"7":0,"8":0,"9":0,"10":4},"f":{"0":0},"b":{"0":[0,0]}}
,"/Users/mauro124/MTC/projects/wikigame-project/backend/src/routes/health.routes.ts": {"path":"/Users/mauro124/MTC/projects/wikigame-project/backend/src/routes/health.routes.ts","statementMap":{"0":{"start":{"line":1,"column":0},"end":{"line":1,"column":52}},"1":{"start":{"line":2,"column":0},"end":{"line":2,"column":39}},"2":{"start":{"line":4,"column":21},"end":{"line":4,"column":29}},"3":{"start":{"line":15,"column":9},"end":{"line":15,"column":21}},"4":{"start":{"line":6,"column":0},"end":{"line":13,"column":3}},"5":{"start":{"line":7,"column":2},"end":{"line":12,"column":5}}},"fnMap":{"0":{"name":"(anonymous_0)","decl":{"start":{"line":6,"column":22},"end":{"line":6,"column":23}},"loc":{"start":{"line":6,"column":54},"end":{"line":13,"column":1}}}},"branchMap":{},"s":{"0":5,"1":5,"2":5,"3":5,"4":5,"5":2},"f":{"0":2},"b":{}}
,"/Users/mauro124/MTC/projects/wikigame-project/backend/src/routes/index.ts": {"path":"/Users/mauro124/MTC/projects/wikigame-project/backend/src/routes/index.ts","statementMap":{"0":{"start":{"line":1,"column":0},"end":{"line":1,"column":33}},"1":{"start":{"line":2,"column":0},"end":{"line":2,"column":53}},"2":{"start":{"line":3,"column":0},"end":{"line":3,"column":66}},"3":{"start":{"line":4,"column":0},"end":{"line":4,"column":57}},"4":{"start":{"line":5,"column":0},"end":{"line":5,"column":47}},"5":{"start":{"line":6,"column":0},"end":{"line":6,"column":45}},"6":{"start":{"line":8,"column":15},"end":{"line":8,"column":23}},"7":{"start":{"line":16,"column":9},"end":{"line":16,"column":15}},"8":{"start":{"line":10,"column":0},"end":{"line":10,"column":36}},"9":{"start":{"line":11,"column":0},"end":{"line":11,"column":39}},"10":{"start":{"line":12,"column":0},"end":{"line":12,"column":40}},"11":{"start":{"line":13,"column":0},"end":{"line":13,"column":37}},"12":{"start":{"line":14,"column":0},"end":{"line":14,"column":39}}},"fnMap":{},"branchMap":{},"s":{"0":5,"1":5,"2":5,"3":5,"4":5,"5":5,"6":5,"7":5,"8":5,"9":5,"10":5,"11":5,"12":5},"f":{},"b":{}}
,"/Users/mauro124/MTC/projects/wikigame-project/backend/src/routes/internal.routes.ts": {"path":"/Users/mauro124/MTC/projects/wikigame-project/backend/src/routes/internal.routes.ts","statementMap":{"0":{"start":{"line":1,"column":0},"end":{"line":1,"column":33}},"1":{"start":{"line":2,"column":0},"end":{"line":2,"column":109}},"2":{"start":{"line":3,"column":0},"end":{"line":3,"column":61}},"3":{"start":{"line":5,"column":23},"end":{"line":5,"column":31}},"4":{"start":{"line":15,"column":9},"end":{"line":15,"column":23}},"5":{"start":{"line":8,"column":0},"end":{"line":8,"column":35}},"6":{"start":{"line":10,"column":0},"end":{"line":13,"column":2}}},"fnMap":{},"branchMap":{},"s":{"0":5,"1":5,"2":5,"3":5,"4":5,"5":5,"6":5},"f":{},"b":{}}
,"/Users/mauro124/MTC/projects/wikigame-project/backend/src/routes/result.routes.ts": {"path":"/Users/mauro124/MTC/projects/wikigame-project/backend/src/routes/result.routes.ts","statementMap":{"0":{"start":{"line":1,"column":0},"end":{"line":1,"column":33}},"1":{"start":{"line":2,"column":0},"end":{"line":2,"column":83}},"2":{"start":{"line":3,"column":0},"end":{"line":3,"column":64}},"3":{"start":{"line":5,"column":21},"end":{"line":5,"column":29}},"4":{"start":{"line":15,"column":9},"end":{"line":15,"column":21}},"5":{"start":{"line":8,"column":0},"end":{"line":13,"column":2}}},"fnMap":{},"branchMap":{},"s":{"0":5,"1":5,"2":5,"3":5,"4":5,"5":5},"f":{},"b":{}}
,"/Users/mauro124/MTC/projects/wikigame-project/backend/src/routes/stats.routes.ts": {"path":"/Users/mauro124/MTC/projects/wikigame-project/backend/src/routes/stats.routes.ts","statementMap":{"0":{"start":{"line":1,"column":0},"end":{"line":1,"column":33}},"1":{"start":{"line":2,"column":0},"end":{"line":2,"column":79}},"2":{"start":{"line":3,"column":0},"end":{"line":3,"column":92}},"3":{"start":{"line":5,"column":20},"end":{"line":5,"column":28}},"4":{"start":{"line":11,"column":9},"end":{"line":11,"column":20}},"5":{"start":{"line":7,"column":0},"end":{"line":7,"column":56}},"6":{"start":{"line":8,"column":0},"end":{"line":8,"column":47}},"7":{"start":{"line":9,"column":0},"end":{"line":9,"column":56}}},"fnMap":{},"branchMap":{},"s":{"0":5,"1":5,"2":5,"3":5,"4":5,"5":5,"6":5,"7":5},"f":{},"b":{}}
,"/Users/mauro124/MTC/projects/wikigame-project/backend/src/shared/data/base-firestore.repository.ts": {"path":"/Users/mauro124/MTC/projects/wikigame-project/backend/src/shared/data/base-firestore.repository.ts","statementMap":{"0":{"start":{"line":2,"column":0},"end":{"line":2,"column":45}},"1":{"start":{"line":7,"column":28},"end":{"line":7,"column":30}},"2":{"start":{"line":10,"column":4},"end":{"line":10,"column":41}},"3":{"start":{"line":14,"column":4},"end":{"line":14,"column":51}},"4":{"start":{"line":18,"column":4},"end":{"line":23,"column":11}},"5":{"start":{"line":27,"column":16},"end":{"line":27,"column":51}},"6":{"start":{"line":28,"column":4},"end":{"line":28,"column":33}},"7":{"start":{"line":28,"column":21},"end":{"line":28,"column":33}},"8":{"start":{"line":29,"column":4},"end":{"line":29,"column":44}},"9":{"start":{"line":33,"column":16},"end":{"line":33,"column":26}},"10":{"start":{"line":34,"column":19},"end":{"line":34,"column":40}},"11":{"start":{"line":35,"column":17},"end":{"line":39,"column":6}},"12":{"start":{"line":40,"column":4},"end":{"line":40,"column":27}},"13":{"start":{"line":41,"column":4},"end":{"line":41,"column":40}},"14":{"start":{"line":45,"column":16},"end":{"line":45,"column":26}},"15":{"start":{"line":46,"column":19},"end":{"line":46,"column":42}},"16":{"start":{"line":47,"column":17},"end":{"line":50,"column":6}},"17":{"start":{"line":51,"column":4},"end":{"line":51,"column":30}},"18":{"start":{"line":52,"column":20},"end":{"line":52,"column":38}},"19":{"start":{"line":53,"column":4},"end":{"line":53,"column":52}},"20":{"start":{"line":57,"column":4},"end":{"line":57,"column":43}},"21":{"start":{"line":61,"column":16},"end":{"line":61,"column":26}},"22":{"start":{"line":62,"column":17},"end":{"line":66,"column":6}},"23":{"start":{"line":67,"column":4},"end":{"line":67,"column":44}},"24":{"start":{"line":71,"column":21},"end":{"line":71,"column":48}},"25":{"start":{"line":72,"column":4},"end":{"line":72,"column":71}},"26":{"start":{"line":72,"column":38},"end":{"line":72,"column":69}},"27":{"start":{"line":5,"column":0},"end":{"line":5,"column":22}}},"fnMap":{"0":{"name":"(anonymous_0)","decl":{"start":{"line":9,"column":2},"end":{"line":9,"column":14}},"loc":{"start":{"line":9,"column":36},"end":{"line":11,"column":3}}},"1":{"name":"(anonymous_1)","decl":{"start":{"line":13,"column":2},"end":{"line":13,"column":16}},"loc":{"start":{"line":13,"column":26},"end":{"line":15,"column":3}}},"2":{"name":"(anonymous_2)","decl":{"start":{"line":17,"column":12},"end":{"line":17,"column":18}},"loc":{"start":{"line":17,"column":49},"end":{"line":24,"column":3}}},"3":{"name":"(anonymous_3)","decl":{"start":{"line":26,"column":2},"end":{"line":26,"column":7}},"loc":{"start":{"line":26,"column":27},"end":{"line":30,"column":3}}},"4":{"name":"(anonymous_4)","decl":{"start":{"line":32,"column":2},"end":{"line":32,"column":7}},"loc":{"start":{"line":32,"column":64},"end":{"line":42,"column":3}}},"5":{"name":"(anonymous_5)","decl":{"start":{"line":44,"column":2},"end":{"line":44,"column":7}},"loc":{"start":{"line":44,"column":45},"end":{"line":54,"column":3}}},"6":{"name":"(anonymous_6)","decl":{"start":{"line":56,"column":2},"end":{"line":56,"column":7}},"loc":{"start":{"line":56,"column":25},"end":{"line":58,"column":3}}},"7":{"name":"(anonymous_7)","decl":{"start":{"line":60,"column":12},"end":{"line":60,"column":17}},"loc":{"start":{"line":60,"column":49},"end":{"line":68,"column":3}}},"8":{"name":"(anonymous_8)","decl":{"start":{"line":70,"column":2},"end":{"line":70,"column":7}},"loc":{"start":{"line":70,"column":15},"end":{"line":73,"column":3}}},"9":{"name":"(anonymous_9)","decl":{"start":{"line":72,"column":29},"end":{"line":72,"column":30}},"loc":{"start":{"line":72,"column":38},"end":{"line":72,"column":69}}}},"branchMap":{"0":{"loc":{"start":{"line":21,"column":17},"end":{"line":21,"column":92}},"type":"cond-expr","locations":[{"start":{"line":21,"column":42},"end":{"line":21,"column":65}},{"start":{"line":21,"column":68},"end":{"line":21,"column":92}}]},"1":{"loc":{"start":{"line":22,"column":17},"end":{"line":22,"column":92}},"type":"cond-expr","locations":[{"start":{"line":22,"column":42},"end":{"line":22,"column":65}},{"start":{"line":22,"column":68},"end":{"line":22,"column":92}}]},"2":{"loc":{"start":{"line":28,"column":4},"end":{"line":28,"column":33}},"type":"if","locations":[{"start":{"line":28,"column":4},"end":{"line":28,"column":33}},{"start":{},"end":{}}]},"3":{"loc":{"start":{"line":65,"column":17},"end":{"line":65,"column":40}},"type":"binary-expr","locations":[{"start":{"line":65,"column":17},"end":{"line":65,"column":33}},{"start":{"line":65,"column":37},"end":{"line":65,"column":40}}]}},"s":{"0":11,"1":25,"2":25,"3":14,"4":5,"5":1,"6":1,"7":0,"8":1,"9":1,"10":1,"11":1,"12":1,"13":1,"14":1,"15":1,"16":1,"17":1,"18":1,"19":1,"20":1,"21":3,"22":3,"23":3,"24":1,"25":1,"26":1,"27":11},"f":{"0":25,"1":14,"2":5,"3":1,"4":1,"5":1,"6":1,"7":3,"8":1,"9":1},"b":{"0":[0,5],"1":[0,5],"2":[0,1],"3":[3,3]}}
,"/Users/mauro124/MTC/projects/wikigame-project/backend/src/shared/domain/app-error.ts": {"path":"/Users/mauro124/MTC/projects/wikigame-project/backend/src/shared/domain/app-error.ts","statementMap":{"0":{"start":{"line":6,"column":4},"end":{"line":6,"column":19}},"1":{"start":{"line":7,"column":4},"end":{"line":7,"column":54}},"2":{"start":{"line":8,"column":4},"end":{"line":8,"column":33}},"3":{"start":{"line":9,"column":4},"end":{"line":9,"column":39}},"4":{"start":{"line":10,"column":4},"end":{"line":10,"column":52}},"5":{"start":{"line":1,"column":0},"end":{"line":1,"column":13}}},"fnMap":{"0":{"name":"(anonymous_0)","decl":{"start":{"line":5,"column":2},"end":{"line":5,"column":14}},"loc":{"start":{"line":5,"column":71},"end":{"line":11,"column":3}}}},"branchMap":{"0":{"loc":{"start":{"line":5,"column":51},"end":{"line":5,"column":71}},"type":"default-arg","locations":[{"start":{"line":5,"column":67},"end":{"line":5,"column":71}}]}},"s":{"0":5,"1":5,"2":5,"3":5,"4":5,"5":10},"f":{"0":5},"b":{"0":[4]}}
,"/Users/mauro124/MTC/projects/wikigame-project/backend/src/shared/services/logger.service.ts": {"path":"/Users/mauro124/MTC/projects/wikigame-project/backend/src/shared/services/logger.service.ts","statementMap":{"0":{"start":{"line":1,"column":0},"end":{"line":1,"column":24}},"1":{"start":{"line":2,"column":0},"end":{"line":2,"column":33}},"2":{"start":{"line":3,"column":0},"end":{"line":3,"column":36}},"3":{"start":{"line":5,"column":21},"end":{"line":5,"column":58}},"4":{"start":{"line":7,"column":15},"end":{"line":20,"column":2}},"5":{"start":{"line":34,"column":9},"end":{"line":34,"column":15}},"6":{"start":{"line":22,"column":19},"end":{"line":32,"column":2}},"7":{"start":{"line":24,"column":21},"end":{"line":24,"column":64}},"8":{"start":{"line":26,"column":19},"end":{"line":30,"column":6}},"9":{"start":{"line":34,"column":17},"end":{"line":34,"column":27}}},"fnMap":{"0":{"name":"(anonymous_1)","decl":{"start":{"line":24,"column":12},"end":{"line":24,"column":13}},"loc":{"start":{"line":24,"column":21},"end":{"line":24,"column":64}}},"1":{"name":"(anonymous_2)","decl":{"start":{"line":26,"column":9},"end":{"line":26,"column":10}},"loc":{"start":{"line":26,"column":19},"end":{"line":30,"column":6}}}},"branchMap":{"0":{"loc":{"start":{"line":8,"column":9},"end":{"line":8,"column":40}},"type":"binary-expr","locations":[{"start":{"line":8,"column":9},"end":{"line":8,"column":30}},{"start":{"line":8,"column":34},"end":{"line":8,"column":40}}]},"1":{"loc":{"start":{"line":10,"column":13},"end":{"line":19,"column":15}},"type":"cond-expr","locations":[{"start":{"line":11,"column":6},"end":{"line":18,"column":null}},{"start":{"line":19,"column":6},"end":{"line":19,"column":15}}]},"2":{"loc":{"start":{"line":24,"column":21},"end":{"line":24,"column":64}},"type":"binary-expr","locations":[{"start":{"line":24,"column":21},"end":{"line":24,"column":48}},{"start":{"line":24,"column":52},"end":{"line":24,"column":64}}]}},"s":{"0":7,"1":7,"2":7,"3":7,"4":7,"5":7,"6":7,"7":11,"8":11,"9":7},"f":{"0":11,"1":11},"b":{"0":[7,0],"1":[7,0],"2":[11,11]}}
}
