TN:
SF:src/index.ts
FN:29,(anonymous_1)
FN:36,(anonymous_2)
FNF:2
FNH:2
FNDA:1,(anonymous_1)
FNDA:5,(anonymous_2)
DA:1,5
DA:2,5
DA:3,5
DA:4,5
DA:5,5
DA:6,5
DA:7,5
DA:8,5
DA:10,5
DA:13,5
DA:14,5
DA:20,5
DA:23,5
DA:26,5
DA:29,5
DA:30,1
DA:34,5
DA:36,5
DA:37,5
DA:40,5
LF:20
LH:20
BRDA:16,0,0,0
BRDA:16,0,1,5
BRF:2
BRH:1
end_of_record
TN:
SF:src/config/firebase.config.ts
FNF:0
FNH:0
DA:1,5
DA:2,5
DA:4,5
DA:6,5
DA:7,0
DA:10,5
DA:20,5
DA:21,5
DA:23,5
DA:25,5
LF:10
LH:9
BRDA:6,0,0,0
BRDA:6,0,1,5
BRDA:6,1,0,5
BRDA:6,1,1,5
BRDA:6,1,2,5
BRDA:10,2,0,0
BRDA:10,2,1,5
BRF:7
BRH:5
end_of_record
TN:
SF:src/config/index.ts
FNF:0
FNH:0
DA:1,5
DA:2,5
DA:4,5
DA:6,5
DA:13,5
DA:14,0
DA:15,0
DA:18,5
LF:8
LH:6
BRDA:7,0,0,5
BRDA:7,0,1,0
BRDA:8,1,0,5
BRDA:8,1,1,0
BRDA:9,2,0,5
BRDA:9,2,1,0
BRDA:13,3,0,0
BRDA:13,3,1,5
BRF:8
BRH:4
end_of_record
TN:
SF:src/features/articles/article.routes.ts
FNF:0
FNH:0
DA:1,5
DA:2,5
DA:4,5
DA:7,5
DA:9,5
LF:5
LH:5
BRF:0
BRH:0
end_of_record
TN:
SF:src/features/articles/controllers/article.controller.ts
FN:10,(anonymous_1)
FNF:1
FNH:1
FNDA:4,(anonymous_1)
DA:2,5
DA:3,5
DA:4,5
DA:7,5
DA:9,5
DA:11,4
DA:12,4
DA:14,4
DA:15,4
DA:16,1
DA:17,1
DA:18,1
DA:21,3
DA:22,2
DA:24,2
DA:28,5
LF:16
LH:16
BRDA:15,0,0,1
BRDA:15,0,1,3
BRF:2
BRH:2
end_of_record
TN:
SF:src/features/articles/data/wikipedia.service.ts
FN:15,(anonymous_1)
FNF:1
FNH:1
FNDA:6,(anonymous_1)
DA:1,6
DA:2,6
DA:9,6
DA:10,6
DA:16,6
DA:18,6
DA:19,6
DA:30,6
DA:32,6
DA:33,2
DA:34,2
DA:36,0
DA:39,4
DA:40,4
DA:41,4
DA:44,4
DA:45,1
DA:48,4
DA:53,2
DA:54,0
DA:55,0
DA:60,6
LF:22
LH:19
BRDA:32,0,0,2
BRDA:32,0,1,4
BRDA:33,1,0,2
BRDA:33,1,1,0
BRDA:44,2,0,1
BRDA:44,2,1,3
BRDA:44,3,0,4
BRDA:44,3,1,1
BRDA:53,4,0,2
BRDA:53,4,1,0
BRDA:54,5,0,0
BRDA:54,5,1,0
BRF:12
BRH:8
end_of_record
TN:
SF:src/features/articles/domain/get-article.usecase.ts
FN:6,(anonymous_0)
FNF:1
FNH:1
FNDA:3,(anonymous_0)
DA:2,5
DA:3,5
DA:5,5
DA:7,3
DA:8,2
DA:10,2
DA:21,5
LF:7
LH:7
BRF:0
BRH:0
end_of_record
TN:
SF:src/features/articles/utils/html-cooker.ts
FN:8,(anonymous_9)
FN:16,(anonymous_10)
FN:49,(anonymous_11)
FN:55,(anonymous_12)
FN:89,(anonymous_13)
FN:106,(anonymous_14)
FNF:6
FNH:6
FNDA:5,(anonymous_9)
FNDA:12,(anonymous_10)
FNDA:8,(anonymous_11)
FNDA:22,(anonymous_12)
FNDA:8,(anonymous_13)
FNDA:14,(anonymous_14)
DA:1,6
DA:4,6
DA:9,5
DA:10,5
DA:11,5
DA:14,5
DA:16,5
DA:17,12
DA:18,12
DA:20,12
DA:21,4
DA:25,4
DA:26,4
DA:32,8
DA:33,8
DA:34,8
DA:35,8
DA:43,5
DA:53,8
DA:55,8
DA:56,22
DA:57,14
DA:58,14
DA:59,14
DA:61,8
DA:62,8
DA:63,8
DA:64,8
DA:68,8
DA:69,4
DA:70,4
DA:76,4
DA:77,4
DA:83,8
DA:90,8
DA:92,8
DA:93,8
DA:95,8
DA:96,14
DA:97,14
DA:98,8
DA:100,6
DA:101,6
DA:104,8
DA:106,14
DA:110,6
LF:46
LH:46
BRDA:14,0,0,2
BRDA:14,0,1,3
BRDA:20,1,0,4
BRDA:20,1,1,8
BRDA:25,2,0,4
BRDA:25,2,1,0
BRDA:32,3,0,8
BRDA:32,3,1,0
BRDA:34,4,0,8
BRDA:34,4,1,0
BRDA:56,5,0,14
BRDA:56,5,1,8
BRDA:58,6,0,14
BRDA:58,6,1,0
BRDA:61,7,0,8
BRDA:61,7,1,0
BRDA:61,8,0,8
BRDA:61,8,1,8
BRDA:68,9,0,4
BRDA:68,9,1,4
BRDA:68,10,0,8
BRDA:68,10,1,8
BRDA:68,10,2,6
BRDA:76,11,0,4
BRDA:76,11,1,0
BRDA:90,12,0,0
BRDA:90,12,1,8
BRDA:97,13,0,8
BRDA:97,13,1,6
BRDA:97,14,0,14
BRDA:97,14,1,11
BRDA:106,15,0,14
BRDA:106,15,1,0
BRF:33
BRH:25
end_of_record
TN:
SF:src/features/challenges/controllers/challenge.controller.ts
FN:6,(anonymous_0)
FN:35,(anonymous_1)
FN:42,(anonymous_2)
FNF:3
FNH:0
FNDA:0,(anonymous_0)
FNDA:0,(anonymous_1)
FNDA:0,(anonymous_2)
DA:2,5
DA:3,5
DA:5,5
DA:7,0
DA:8,0
DA:10,0
DA:11,0
DA:13,0
DA:14,0
DA:15,0
DA:20,0
DA:21,0
DA:22,0
DA:26,0
DA:27,0
DA:29,0
DA:31,0
DA:36,0
DA:37,0
DA:42,0
DA:43,0
DA:45,0
DA:50,5
LF:23
LH:4
BRDA:13,0,0,0
BRDA:13,0,1,0
BRDA:20,1,0,0
BRDA:20,1,1,0
BRDA:26,2,0,0
BRDA:26,2,1,0
BRF:6
BRH:0
end_of_record
TN:
SF:src/features/challenges/controllers/internal-challenge.controller.ts
FN:6,(anonymous_0)
FN:22,(anonymous_1)
FN:23,(anonymous_2)
FNF:3
FNH:2
FNDA:2,(anonymous_0)
FNDA:1,(anonymous_1)
FNDA:0,(anonymous_2)
DA:2,5
DA:3,5
DA:5,5
DA:7,2
DA:8,2
DA:10,2
DA:11,1
DA:12,1
DA:15,1
DA:16,1
DA:20,1
DA:22,1
DA:23,0
DA:25,1
DA:30,0
DA:35,5
LF:16
LH:14
BRDA:8,0,0,2
BRDA:8,0,1,0
BRDA:10,1,0,1
BRDA:10,1,1,1
BRF:4
BRH:3
end_of_record
TN:
SF:src/features/challenges/data/firestore-challenges.repository.ts
FN:9,(anonymous_0)
FN:13,(anonymous_1)
FNF:2
FNH:2
FNDA:8,(anonymous_0)
FNDA:1,(anonymous_1)
DA:1,8
DA:5,8
DA:10,8
DA:14,1
DA:15,1
DA:19,8
LF:6
LH:6
BRF:0
BRH:0
end_of_record
TN:
SF:src/features/challenges/data/wikipedia-feed.service.ts
FN:10,(anonymous_1)
FN:35,(anonymous_2)
FN:45,(anonymous_3)
FN:73,(anonymous_4)
FNF:4
FNH:4
FNDA:1,(anonymous_1)
FNDA:2,(anonymous_2)
FNDA:1,(anonymous_3)
FNDA:2,(anonymous_4)
DA:1,7
DA:2,7
DA:4,7
DA:5,7
DA:15,1
DA:16,1
DA:17,1
DA:29,1
DA:30,1
DA:31,0
DA:34,1
DA:35,2
DA:37,0
DA:38,0
DA:46,1
DA:47,1
DA:50,1
DA:51,1
DA:52,1
DA:65,1
DA:66,1
DA:68,1
DA:69,1
DA:70,1
DA:72,1
DA:73,2
DA:76,1
DA:78,1
DA:81,1
DA:83,0
DA:88,7
LF:31
LH:27
BRDA:13,0,0,1
BRDA:30,1,0,0
BRDA:30,1,1,1
BRDA:37,2,0,0
BRDA:37,2,1,0
BRDA:66,3,0,0
BRDA:66,3,1,1
BRDA:72,4,0,1
BRDA:72,4,1,0
BRDA:78,5,0,0
BRDA:78,5,1,1
BRF:11
BRH:5
end_of_record
TN:
SF:src/features/challenges/domain/categories.ts
FNF:0
FNH:0
DA:1,6
LF:1
LH:1
BRF:0
BRH:0
end_of_record
TN:
SF:src/features/challenges/domain/generate-challenge.usecase.ts
FN:11,(anonymous_0)
FN:69,(anonymous_1)
FNF:2
FNH:1
FNDA:0,(anonymous_0)
FNDA:3,(anonymous_1)
DA:2,6
DA:3,6
DA:4,6
DA:5,6
DA:7,6
DA:12,0
DA:13,0
DA:15,0
DA:16,0
DA:17,0
DA:18,0
DA:21,0
DA:22,0
DA:24,0
DA:26,0
DA:27,0
DA:28,0
DA:31,0
DA:32,0
DA:33,0
DA:35,0
DA:36,0
DA:37,0
DA:38,0
DA:40,0
DA:42,0
DA:43,0
DA:44,0
DA:54,0
DA:55,0
DA:56,0
DA:60,0
DA:63,0
DA:70,3
DA:71,3
DA:72,3
DA:74,3
DA:75,6
DA:76,6
DA:78,6
DA:80,6
DA:82,6
DA:83,6
DA:84,5
DA:85,3
DA:86,3
DA:87,3
DA:90,5
DA:92,5
DA:95,2
DA:99,6
LF:51
LH:23
BRDA:26,0,0,0
BRDA:26,0,1,0
BRDA:35,1,0,0
BRDA:35,1,1,0
BRDA:40,2,0,0
BRDA:40,2,1,0
BRDA:43,3,0,0
BRDA:43,3,1,0
BRDA:78,4,0,0
BRDA:78,4,1,6
BRDA:83,5,0,1
BRDA:83,5,1,5
BRDA:84,6,0,3
BRDA:84,6,1,2
BRDA:90,7,0,0
BRDA:90,7,1,5
BRDA:92,8,0,0
BRDA:92,8,1,5
BRF:18
BRH:7
end_of_record
TN:
SF:src/features/results/controllers/result.controller.ts
FN:14,(anonymous_0)
FNF:1
FNH:1
FNDA:2,(anonymous_0)
DA:2,5
DA:3,5
DA:6,5
DA:7,5
DA:15,2
DA:16,2
DA:17,1
DA:20,1
DA:22,1
DA:23,1
DA:24,0
DA:27,1
DA:31,1
DA:33,0
DA:38,5
LF:15
LH:13
BRDA:16,0,0,1
BRDA:16,0,1,1
BRDA:23,1,0,0
BRDA:23,1,1,1
BRF:4
BRH:3
end_of_record
TN:
SF:src/features/results/data/firestore-results.repository.ts
FN:9,(anonymous_0)
FN:13,(anonymous_1)
FN:18,(anonymous_2)
FN:20,(anonymous_3)
FN:23,(anonymous_4)
FNF:5
FNH:5
FNDA:6,(anonymous_0)
FNDA:2,(anonymous_1)
FNDA:1,(anonymous_2)
FNDA:1,(anonymous_3)
FNDA:2,(anonymous_4)
DA:1,6
DA:5,6
DA:10,6
DA:14,2
DA:15,2
DA:19,1
DA:20,1
DA:24,2
DA:25,2
DA:26,2
DA:30,6
LF:11
LH:11
BRF:0
BRH:0
end_of_record
TN:
SF:src/features/results/domain/submit-result.usecase.ts
FN:7,(anonymous_0)
FNF:1
FNH:1
FNDA:1,(anonymous_0)
DA:2,5
DA:3,5
DA:4,5
DA:6,5
DA:8,1
DA:10,1
DA:11,1
DA:12,0
DA:13,0
DA:16,1
DA:17,1
DA:19,1
DA:23,5
LF:13
LH:11
BRDA:11,0,0,0
BRDA:11,0,1,1
BRF:2
BRH:1
end_of_record
TN:
SF:src/features/stats/controllers/stats.controller.ts
FN:5,(anonymous_0)
FNF:1
FNH:0
FNDA:0,(anonymous_0)
DA:2,5
DA:4,5
DA:6,0
DA:8,0
DA:9,0
DA:10,0
DA:11,0
DA:15,0
DA:17,0
DA:22,5
LF:10
LH:3
BRDA:10,0,0,0
BRDA:10,0,1,0
BRF:2
BRH:0
end_of_record
TN:
SF:src/features/stats/data/firestore-stats.repository.ts
FN:10,(anonymous_0)
FN:14,(anonymous_1)
FN:19,(anonymous_2)
FNF:3
FNH:2
FNDA:6,(anonymous_0)
FNDA:0,(anonymous_1)
FNDA:3,(anonymous_2)
DA:1,6
DA:4,6
DA:6,6
DA:11,6
DA:15,0
DA:16,0
DA:20,3
DA:23,3
DA:25,3
DA:38,6
LF:10
LH:8
BRDA:23,0,0,1
BRDA:23,0,1,2
BRF:2
BRH:2
end_of_record
TN:
SF:src/features/stats/domain/get-stats.usecase.ts
FN:5,(anonymous_0)
FNF:1
FNH:0
FNDA:0,(anonymous_0)
DA:1,5
DA:4,5
DA:6,0
DA:8,0
DA:11,0
DA:20,5
LF:6
LH:3
BRDA:8,0,0,0
BRDA:8,0,1,0
BRDA:14,1,0,0
BRDA:14,1,1,0
BRDA:15,2,0,0
BRDA:15,2,1,0
BRF:6
BRH:0
end_of_record
TN:
SF:src/middleware/auth.middleware.ts
FN:3,(anonymous_0)
FNF:1
FNH:1
FNDA:2,(anonymous_0)
DA:3,5
DA:4,2
DA:5,2
DA:7,2
DA:8,0
DA:14,2
LF:6
LH:5
BRDA:7,0,0,0
BRDA:7,0,1,2
BRDA:7,1,0,2
BRDA:7,1,1,2
BRF:4
BRH:3
end_of_record
TN:
SF:src/middleware/error-handler.middleware.ts
FN:4,(anonymous_0)
FNF:1
FNH:1
FNDA:2,(anonymous_0)
DA:2,5
DA:4,5
DA:5,2
DA:6,2
DA:7,2
DA:9,2
DA:21,2
DA:29,5
LF:8
LH:8
BRDA:5,0,0,2
BRDA:5,0,1,0
BRDA:6,1,0,2
BRDA:6,1,1,0
BRDA:7,2,0,2
BRDA:7,2,1,0
BRDA:14,3,0,0
BRDA:14,3,1,2
BRF:8
BRH:4
end_of_record
TN:
SF:src/middleware/verify-auth.middleware.ts
FN:8,(anonymous_0)
FNF:1
FNH:0
FNDA:0,(anonymous_0)
DA:2,4
DA:8,4
DA:9,0
DA:11,0
DA:12,0
DA:15,0
DA:16,0
DA:17,0
DA:18,0
DA:20,0
LF:10
LH:2
BRDA:11,0,0,0
BRDA:11,0,1,0
BRF:2
BRH:0
end_of_record
TN:
SF:src/routes/health.routes.ts
FN:6,(anonymous_0)
FNF:1
FNH:1
FNDA:2,(anonymous_0)
DA:1,5
DA:2,5
DA:4,5
DA:6,5
DA:7,2
DA:15,5
LF:6
LH:6
BRF:0
BRH:0
end_of_record
TN:
SF:src/routes/index.ts
FNF:0
FNH:0
DA:1,5
DA:2,5
DA:3,5
DA:4,5
DA:5,5
DA:6,5
DA:8,5
DA:10,5
DA:11,5
DA:12,5
DA:13,5
DA:14,5
DA:16,5
LF:13
LH:13
BRF:0
BRH:0
end_of_record
TN:
SF:src/routes/internal.routes.ts
FNF:0
FNH:0
DA:1,5
DA:2,5
DA:3,5
DA:5,5
DA:8,5
DA:10,5
DA:15,5
LF:7
LH:7
BRF:0
BRH:0
end_of_record
TN:
SF:src/routes/result.routes.ts
FNF:0
FNH:0
DA:1,5
DA:2,5
DA:3,5
DA:5,5
DA:8,5
DA:15,5
LF:6
LH:6
BRF:0
BRH:0
end_of_record
TN:
SF:src/routes/stats.routes.ts
FNF:0
FNH:0
DA:1,5
DA:2,5
DA:3,5
DA:5,5
DA:7,5
DA:8,5
DA:9,5
DA:11,5
LF:8
LH:8
BRF:0
BRH:0
end_of_record
TN:
SF:src/shared/data/base-firestore.repository.ts
FN:9,(anonymous_0)
FN:13,(anonymous_1)
FN:17,(anonymous_2)
FN:26,(anonymous_3)
FN:32,(anonymous_4)
FN:44,(anonymous_5)
FN:56,(anonymous_6)
FN:60,(anonymous_7)
FN:70,(anonymous_8)
FN:72,(anonymous_9)
FNF:10
FNH:10
FNDA:25,(anonymous_0)
FNDA:14,(anonymous_1)
FNDA:5,(anonymous_2)
FNDA:1,(anonymous_3)
FNDA:1,(anonymous_4)
FNDA:1,(anonymous_5)
FNDA:1,(anonymous_6)
FNDA:3,(anonymous_7)
FNDA:1,(anonymous_8)
FNDA:1,(anonymous_9)
DA:2,11
DA:5,11
DA:7,25
DA:10,25
DA:14,14
DA:18,5
DA:27,1
DA:28,1
DA:29,1
DA:33,1
DA:34,1
DA:35,1
DA:40,1
DA:41,1
DA:45,1
DA:46,1
DA:47,1
DA:51,1
DA:52,1
DA:53,1
DA:57,1
DA:61,3
DA:62,3
DA:67,3
DA:71,1
DA:72,1
LF:26
LH:26
BRDA:21,0,0,0
BRDA:21,0,1,5
BRDA:22,1,0,0
BRDA:22,1,1,5
BRDA:28,2,0,0
BRDA:28,2,1,1
BRDA:65,3,0,3
BRDA:65,3,1,3
BRF:8
BRH:5
end_of_record
TN:
SF:src/shared/domain/app-error.ts
FN:5,(anonymous_0)
FNF:1
FNH:1
FNDA:5,(anonymous_0)
DA:1,10
DA:6,5
DA:7,5
DA:8,5
DA:9,5
DA:10,5
LF:6
LH:6
BRDA:5,0,0,4
BRF:1
BRH:1
end_of_record
TN:
SF:src/shared/services/logger.service.ts
FN:24,(anonymous_1)
FN:26,(anonymous_2)
FNF:2
FNH:2
FNDA:11,(anonymous_1)
FNDA:11,(anonymous_2)
DA:1,7
DA:2,7
DA:3,7
DA:5,7
DA:7,7
DA:22,7
DA:24,11
DA:26,11
DA:34,7
LF:9
LH:9
BRDA:8,0,0,7
BRDA:8,0,1,0
BRDA:10,1,0,7
BRDA:10,1,1,0
BRDA:24,2,0,11
BRDA:24,2,1,11
BRF:6
BRH:4
end_of_record
